[10:29:06.799] 1.90,146,-58
[10:29:06.799] 22.50,150,-58
[10:29:06.799] 22.35,149,-57
[10:29:06.799] 22.65,151,-57
[10:29:06.799] 22.80,152,-58
[10:29:06.799] 22.95,153,-58
[10:29:06.799] 23.10,154,-58
[10:29:06.800] 22.35,149,-58
[10:29:06.839] 22.20,148,-59
[10:29:07.160] 21.90,146,-59
[10:29:07.450] 21.75,145,-56
[10:29:07.757] 23.10,154,-56
[10:29:08.070] 23.25,155,-56
[10:29:08.880] 26.55,177,-60
[10:29:09.197] 28.95,193,-60
[10:29:09.509] 24.90,166,-60
[10:29:10.313] 22.35,149,-59
[10:29:10.629] 22.20,148,-59
[10:29:10.933] 22.20,148,-58
[10:29:11.238] 22.20,148,-58
[10:29:11.547] 22.05,147,-58
[10:29:11.859] 21.90,146,-57
[10:29:12.985] 21.90,146,-57
[10:29:12.985] 21.45,143,-54
[10:29:13.289] 21.00,140,-54
[10:29:13.606] 27.90,186,-54
[10:29:13.908] 22.80,152,-54
[10:29:14.729] 20.55,137,-55
[10:29:15.040] 20.40,136,-55
[10:29:15.847] 22.65,151,-54
[10:29:16.175] 24.90,166,-54
[10:29:16.175] PRESS
[10:29:17.292] 24.75,165,-65
[10:29:17.292] 24.15,161,-65
[10:29:17.603] 24.60,164,-66
[10:29:18.412] 24.45,163,-66
[10:29:18.732] 27.15,181,-72
[10:29:19.551] 22.50,150,-72
[10:29:19.849] 22.80,152,-61
[10:29:20.651] 24.15,161,-61
[10:29:20.969] 23.85,159,-64
[10:29:21.277] 24.00,160,-64
[10:29:21.573] 24.30,162,-64
[10:29:21.896] 24.45,163,-64
[10:29:22.713] 23.70,158,-64
[10:29:23.018] 23.85,159,-64
[10:29:23.327] 24.30,162,-64
[10:29:24.146] 33.90,226,-64
[10:29:24.451] 31.95,213,-69
[10:29:24.748] 31.50,210,-69
[10:29:25.068] 30.60,204,-69
[10:29:25.382] 27.45,183,-65
[10:29:25.681] 26.85,179,-65
[10:29:25.982] 24.00,160,-65
[10:29:26.598] 24.15,161,-65
[10:29:26.599] 23.70,158,-60
[10:29:26.910] 24.75,165,-60
[10:29:27.222] 28.65,191,-60
[10:29:27.525] 25.35,169,-60
[10:29:28.667] 24.60,164,-63
[10:29:28.667] 25.80,172,-63
[10:29:28.945] 33.90,226,-67
[10:29:29.570] 39.60,264,-67
[10:29:29.570] 31.80,212,-67
[10:29:29.869] 34.65,231,-67
[10:29:30.185] 24.15,161,-67
[10:29:30.512] 24.30,162,-67
[10:29:31.320] 50.10,334,-73
[10:29:31.620] 57.45,383,-73
[10:29:31.914] 52.50,350,-73
[10:29:32.233] 36.15,241,-69
[10:29:32.529] 33.45,223,-69
[10:29:32.854] 34.50,230,-69
[10:29:33.157] 32.70,218,-69
[10:29:33.974] 30.15,201,-66
[10:29:34.285] 31.20,208,-66
[10:29:34.576] 32.40,216,-67
[10:29:34.894] 33.30,222,-67
[10:29:35.206] 33.75,225,-67
[10:29:35.502] 34.95,233,-69
[10:29:35.821] 34.65,231,-69
[10:29:36.644] 34.50,230,-68
[10:29:37.460] 30.60,204,-68
[10:29:37.779] 30.75,205,-68
[10:29:38.585] 35.40,236,-68
[10:29:38.893] 38.70,258,-72
[10:29:39.216] 40.35,269,-72
[10:29:40.328] 32.25,215,-68
[10:29:40.329] 28.50,190,-68
[10:29:40.642] 28.35,189,-68
[10:29:40.944] 28.05,187,-68
[10:29:41.760] 27.30,182,-67
[10:29:42.078] 27.30,182,-67
[10:29:42.377] 29.25,195,-69
[10:29:42.678] 30.45,203,-69
[10:29:42.990] 49.20,328,-69
[10:29:43.305] 51.90,346,-69
[10:29:44.109] 33.00,220,-75
[10:29:44.409] 30.00,200,-75
[10:29:44.728] 41.10,274,-71
[10:29:45.032] 43.35,289,-71
[10:29:45.341] 52.50,350,-71
[10:29:45.637] 42.00,280,-71
[10:29:45.961] 27.90,186,-68
[10:29:46.267] 27.30,182,-68
[10:29:46.572] 29.40,196,-68
[10:29:46.881] 29.40,196,-65
[10:29:47.701] 26.85,179,-65
[10:29:48.009] 25.50,170,-64
[10:29:48.318] 27.30,182,-64
[10:29:48.625] 27.60,184,-64
[10:29:49.439] 25.05,167,-63
[10:29:49.740] 25.35,169,-63
[10:29:50.049] 25.65,171,-63
[10:29:50.361] 25.35,169,-64
[10:29:50.654] 25.20,168,-64
[10:29:50.967] 24.90,166,-64
[10:29:51.586] 25.20,168,-64
[10:29:51.587] 24.90,166,-64
[10:29:51.892] 24.15,161,-64
[10:29:52.199] 23.70,158,-64
[10:29:52.503] 23.85,159,-63
[10:29:52.811] 23.70,158,-63
[10:29:53.136] 24.00,160,-63
[10:29:53.734] 24.15,161,-63
[10:29:53.734] 24.30,162,-62
[10:29:54.048] 25.05,167,-62
[10:29:54.352] 24.75,165,-62
[10:29:54.661] 25.05,167,-62
[10:29:54.966] 25.20,168,-62
[10:29:55.276] 26.25,175,-62
[10:29:55.578] 29.25,195,-62
[10:29:55.882] 30.30,202,-66
[10:29:56.196] 28.05,187,-66
[10:29:56.505] 28.35,189,-66
[10:29:56.824] 27.90,186,-66
[10:29:57.617] 29.55,197,-66
[10:29:57.938] 29.40,196,-66
[10:29:58.259] 30.00,200,-67
[10:29:58.553] 30.00,200,-67
[10:29:59.371] 29.25,195,-67
[10:29:59.676] 28.65,191,-67
[10:29:59.986] 28.65,191,-67
[10:30:00.310] 31.50,210,-67
[10:30:00.586] 33.75,225,-68
[10:30:01.217] 31.95,213,-68
[10:30:01.217] 31.35,209,-68
[10:30:01.520] 31.20,208,-68
[10:30:01.830] 30.30,202,-68
[10:30:02.138] 29.25,195,-68
[10:30:02.960] 27.30,182,-66
[10:30:03.779] 26.10,174,-65
[10:30:04.079] 25.95,173,-65
[10:30:04.392] 25.95,173,-65
[10:30:05.196] 26.40,176,-64
[10:30:05.516] 27.75,185,-64
[10:30:06.337] 27.90,186,-62
[10:30:06.639] 48.75,325,-62
[10:30:06.936] 82.20,548,-62
[10:30:07.256] 56.55,377,-73
[10:30:07.551] 31.95,213,-73
[10:30:07.868] 24.30,162,-73
[10:30:08.164] 24.30,162,-73
[10:30:08.477] 23.70,158,-60
[10:30:08.784] 26.55,177,-60
[10:30:09.090] 25.05,167,-60
[10:30:09.405] 24.15,161,-60
[10:30:09.700] 23.70,158,-60
[10:30:10.026] 26.85,179,-60
[10:30:10.842] 27.60,184,-62
[10:30:11.148] 27.15,181,-62
[10:30:11.458] 25.35,169,-62
[10:30:11.759] 30.30,202,-95
[10:30:12.069] 31.95,213,-95
[10:30:12.387] 29.10,194,-95
[10:30:13.206] 23.10,154,-62
[10:30:14.023] 24.00,160,-63
[10:30:14.325] 23.70,158,-63
[10:30:14.630] 24.00,160,-63
[10:30:14.938] 24.45,163,-63
[10:30:15.253] 25.20,168,-65
[10:30:15.544] 27.90,186,-65
[10:30:15.861] 29.10,194,-65
[10:30:16.167] 28.20,188,-67
[10:30:16.467] 28.20,188,-67
[10:30:16.766] 27.30,182,-67
[10:30:17.081] 26.70,178,-67
[10:30:17.394] 26.55,177,-67
[10:30:17.706] 26.70,178,-67
[10:30:18.317] 27.15,181,-67
[10:30:18.318] 25.65,171,-67
[10:30:18.620] 24.45,163,-65
[10:30:18.931] 35.10,234,-65
[10:30:19.229] 45.15,301,-65
[10:30:19.544] 31.65,211,-66
[10:30:19.853] 30.30,202,-66
[10:30:20.169] 29.55,197,-66
[10:30:20.465] 27.00,180,-66
[10:30:20.783] 29.10,194,-64
[10:30:21.078] 30.75,205,-64
[10:30:21.383] 38.10,254,-64
[10:30:21.695] 34.35,229,-64
[10:30:22.000] 27.15,181,-66
[10:30:22.297] 27.30,182,-66
[10:30:22.604] 27.75,185,-66
[10:30:22.931] 48.30,322,-74
[10:30:23.743] 26.40,176,-74
[10:30:24.052] 24.60,164,-62
[10:30:24.366] 24.75,165,-62
[10:30:24.662] 25.35,169,-62
[10:30:24.974] 28.35,189,-62
[10:30:25.285] 28.80,192,-64
[10:30:26.096] 37.05,247,-64
[10:30:26.406] 39.45,263,-68
[10:30:26.726] 33.45,223,-68
[10:30:27.544] 31.35,209,-67
[10:30:27.827] 34.80,232,-67
[10:30:28.146] 33.45,223,-67
[10:30:28.462] 37.05,247,-67
[10:30:28.760] 36.00,240,-71
[10:30:29.077] 33.00,220,-71
[10:30:29.376] 31.80,212,-71
[10:30:29.683] 31.65,211,-71
[10:30:29.977] 32.40,216,-69
[10:30:30.293] 31.95,213,-69
[10:30:30.605] 32.10,214,-69
[10:30:31.223] 33.30,222,-69
[10:30:31.223] 34.80,232,-69
[10:30:31.526] 33.15,221,-69
[10:30:31.845] 28.65,191,-69
[10:30:32.652] 28.05,187,-64
[10:30:32.977] 26.40,176,-64
[10:30:33.254] 25.65,171,-63
[10:30:33.580] 25.95,173,-63
[10:30:34.381] 22.95,153,-61
[10:30:34.700] 23.85,159,-61
[10:30:35.007] 24.15,161,-61
[10:30:35.349] 28.35,189,-61
[10:30:35.609] 27.90,186,-73
[10:30:35.927] 23.25,155,-73
[10:30:36.249] 23.10,154,-73
[10:30:36.530] 24.30,162,-66
[10:30:36.848] 22.95,153,-66
[10:30:37.152] 21.00,140,-66
[10:30:37.451] 21.90,146,-66
[10:30:37.774] 22.20,148,-63
[10:30:38.592] 22.80,152,-63
[10:30:38.886] 22.20,148,-63
[10:30:39.206] 21.45,143,-63
[10:30:39.509] 21.45,143,-63
[10:30:39.819] 21.45,143,-63
[10:30:40.137] 21.75,145,-66
[10:30:40.931] 20.40,136,-66
[10:30:41.249] 20.40,136,-65
[10:30:41.550] 20.25,135,-65
[10:30:41.550] PRESS
[10:30:41.885] 20.55,137,-65
[10:30:41.885] PRESS
[10:30:42.161] 20.10,134,-65
[10:30:42.478] 20.40,136,-65
[10:30:42.784] 21.30,142,-65
[10:30:43.096] 21.75,145,-65
[10:30:43.395] 22.95,153,-58
[10:30:43.699] 22.65,151,-58
[10:30:44.011] 20.55,137,-58
[10:30:44.326] 21.90,146,-58
[10:30:44.650] 22.80,152,-56
[10:30:44.935] 22.65,151,-56
[10:30:45.233] 22.35,149,-56
[10:30:45.565] 22.65,151,-54
[10:30:45.858] 22.35,149,-54
[10:30:46.155] 22.65,151,-54
