[10:35:57.257] 23.55,157,-55
[10:35:58.075] 24.00,160,-55
[10:35:58.373] 24.45,163,-55
[10:35:58.697] 24.75,165,-55
[10:35:59.499] 23.85,159,-59
[10:35:59.805] 23.55,157,-59
[10:36:00.113] 24.60,164,-59
[10:36:00.420] 25.05,167,-60
[10:36:00.729] 24.15,161,-60
[10:36:01.048] 24.60,164,-60
[10:36:01.653] 26.55,177,-60
[10:36:01.653] 26.25,175,-59
[10:36:01.970] 25.65,171,-59
[10:36:02.259] 26.10,174,-59
[10:36:02.571] 25.95,173,-57
[10:36:03.199] 24.90,166,-57
[10:36:03.199] 24.90,166,-57
[10:36:03.496] 24.45,163,-57
[10:36:03.804] 24.60,164,-57
[10:36:04.122] 25.20,168,-57
[10:36:04.944] 22.95,153,-56
[10:36:05.793] 24.60,164,-56
[10:36:06.063] 25.05,167,-58
[10:36:06.875] 25.35,169,-58
[10:36:07.489] 26.10,174,-56
[10:36:07.489] 26.10,174,-56
[10:36:07.797] 25.95,173,-56
[10:36:08.116] 25.50,170,-56
[10:36:08.417] 24.90,166,-56
[10:36:09.238] 22.65,151,-56
[10:36:10.047] 22.05,147,-57
[10:36:10.355] 21.90,146,-57
[10:36:10.661] 22.80,152,-54
[10:36:11.289] 24.00,160,-54
[10:36:11.289] 22.35,149,-54
[10:36:11.586] 22.50,150,-57
[10:36:11.906] 22.65,151,-57
[10:36:13.031] 23.85,159,-59
[10:36:13.031] 24.15,161,-59
[10:36:13.326] 23.70,158,-59
[10:36:13.640] 23.40,156,-59
[10:36:13.941] 24.15,161,-58
[10:36:14.257] 24.30,162,-58
[10:36:14.555] 25.05,167,-58
[10:36:14.879] 23.70,158,-58
[10:36:15.161] 22.95,153,-54
[10:36:15.484] 22.65,151,-54
[10:36:16.601] 24.00,160,-61
[10:36:16.601] 23.40,156,-61
[10:36:16.908] 23.55,157,-61
[10:36:17.216] 25.20,168,-60
[10:36:17.517] 23.25,155,-60
[10:36:17.828] 23.70,158,-60
[10:36:18.137] 23.10,154,-60
[10:36:18.458] 22.80,152,-54
[10:36:18.751] 22.95,153,-54
[10:36:19.056] 22.65,151,-54
[10:36:19.373] 26.40,176,-54
[10:36:19.675] 24.30,162,-62
[10:36:19.995] 22.35,149,-62
[10:36:20.288] 21.75,145,-62
[10:36:20.613] 22.05,147,-56
[10:36:20.914] 22.35,149,-56
[10:36:21.207] 22.80,152,-56
[10:36:21.836] 22.95,153,-56
[10:36:21.837] 22.95,153,-56
[10:36:22.142] 23.70,158,-56
[10:36:22.949] 23.40,156,-57
[10:36:23.268] 23.25,155,-57
[10:36:23.563] 22.65,151,-57
[10:36:23.872] 22.50,150,-57
[10:36:24.177] 24.00,160,-58
[10:36:24.484] 24.60,164,-58
[10:36:24.802] 23.70,158,-58
[10:36:25.109] 23.40,156,-58
[10:36:25.109] PRESS
[10:36:25.927] 24.30,162,-60
[10:36:26.747] 27.00,180,-65
[10:36:27.057] 28.95,193,-65
[10:36:27.361] 27.15,181,-65
[10:36:27.661] 25.65,171,-64
[10:36:27.980] 25.35,169,-64
[10:36:28.802] 25.20,168,-61
[10:36:29.097] 25.80,172,-61
[10:36:29.404] 26.55,177,-61
[10:36:29.709] 26.85,179,-62
[10:36:30.033] 26.25,175,-62
[10:36:30.834] 25.95,173,-62
[10:36:31.136] 25.35,169,-62
[10:36:31.448] 25.20,168,-62
[10:36:31.755] 25.20,168,-62
[10:36:32.064] 24.90,166,-60
[10:36:32.372] 24.90,166,-60
[10:36:32.691] 24.90,166,-60
[10:36:32.996] 25.35,169,-60
[10:36:33.290] 26.70,178,-62
[10:36:33.592] 26.55,177,-62
[10:36:33.905] 25.05,167,-62
[10:36:34.213] 24.30,162,-59
[10:36:34.518] 27.00,180,-59
[10:36:34.830] 27.45,183,-59
[10:36:35.139] 25.95,173,-59
[10:36:35.442] 26.70,178,-62
[10:36:35.757] 27.90,186,-62
[10:36:36.624] 24.45,163,-57
[10:36:37.403] 25.80,172,-57
[10:36:38.229] 24.90,166,-58
[10:36:39.165] 24.90,166,-59
[10:36:39.788] 25.50,170,-59
[10:36:39.788] 26.10,174,-59
[10:36:40.576] 24.90,166,-62
[10:36:40.870] 25.50,170,-62
[10:36:41.177] 26.40,176,-62
[10:36:41.484] 26.85,179,-62
[10:36:41.790] 27.30,182,-62
[10:36:42.100] 27.60,184,-63
[10:36:42.400] 27.75,185,-63
[10:36:42.712] 27.60,184,-63
[10:36:43.020] 27.30,182,-63
[10:36:43.635] 26.70,178,-61
[10:36:43.635] 25.80,172,-61
[10:36:43.955] 26.40,176,-61
[10:36:44.250] 29.40,196,-61
[10:36:44.572] 31.35,209,-66
[10:36:45.376] 29.40,196,-66
[10:36:45.685] 30.90,206,-66
[10:36:46.001] 30.45,203,-66
[10:36:46.298] 30.45,203,-66
[10:36:46.618] 29.10,194,-65
[10:36:47.218] 28.95,193,-65
[10:36:47.218] 27.45,183,-65
[10:36:47.537] 26.85,179,-65
[10:36:47.833] 26.70,178,-62
[10:36:48.152] 29.10,194,-62
[10:36:48.446] 30.00,200,-62
[10:36:48.762] 28.80,192,-62
[10:36:49.572] 29.40,196,-63
[10:36:49.889] 29.25,195,-63
[10:36:50.701] 29.85,199,-64
[10:36:51.019] 29.70,198,-64
[10:36:51.316] 29.40,196,-62
[10:36:51.638] 29.70,198,-62
[10:36:52.443] 27.75,185,-63
[10:36:52.751] 28.20,188,-63
[10:36:53.056] 29.70,198,-63
[10:36:53.361] 31.20,208,-64
[10:36:53.670] 30.30,202,-64
[10:36:53.976] 29.85,199,-64
[10:36:54.282] 29.85,199,-64
[10:36:54.590] 28.80,192,-64
[10:36:54.897] 28.35,189,-64
[10:36:55.203] 26.40,176,-64
[10:36:55.512] 25.95,173,-64
[10:36:55.828] 27.15,181,-59
[10:36:56.649] 24.60,164,-59
[10:36:57.472] 24.00,160,-61
[10:36:57.766] 23.55,157,-61
[10:36:58.084] 26.55,177,-61
[10:36:58.378] 30.90,206,-61
[10:36:58.687] 29.40,196,-61
[10:36:58.994] 27.90,186,-58
[10:36:59.302] 28.05,187,-58
[10:36:59.615] 31.20,208,-58
[10:36:59.916] 30.60,204,-58
[10:37:00.224] 29.25,195,-59
[10:37:00.537] 27.90,186,-59
[10:37:01.658] 28.50,190,-59
[10:37:01.658] 28.20,188,-59
[10:37:01.976] 28.95,193,-59
[10:37:02.271] 29.55,197,-59
[10:37:02.578] 29.85,199,-62
[10:37:02.893] 29.25,195,-62
[10:37:03.706] 29.25,195,-62
[10:37:04.014] 29.85,199,-62
[10:37:04.323] 30.60,204,-62
[10:37:04.639] 30.15,201,-62
[10:37:04.935] 30.15,201,-62
[10:37:05.253] 29.40,196,-62
[10:37:05.559] 28.65,191,-62
[10:37:06.367] 26.70,178,-58
[10:37:06.675] 26.55,177,-58
[10:37:06.982] 26.70,178,-60
[10:37:07.597] 26.40,176,-60
[10:37:07.597] 26.55,177,-60
[10:37:07.916] 27.00,180,-60
[10:37:08.223] 25.50,170,-60
[10:37:08.517] 24.75,165,-60
[10:37:08.832] 30.15,201,-60
[10:37:09.652] 25.95,173,-65
[10:37:10.466] 25.20,168,-67
[10:37:10.772] 27.75,185,-67
[10:37:11.085] 28.95,193,-67
[10:37:11.385] 31.20,208,-67
[10:37:11.691] 27.60,184,-65
[10:37:12.000] 27.75,185,-65
[10:37:12.306] 28.35,189,-65
[10:37:12.627] 28.50,190,-65
[10:37:12.929] 30.15,201,-65
[10:37:13.227] 28.80,192,-65
[10:37:13.545] 27.15,181,-65
[10:37:13.841] 26.55,177,-66
[10:37:14.150] 24.90,166,-66
[10:37:14.465] 24.15,161,-66
[10:37:15.276] 24.60,164,-64
[10:37:15.582] 24.60,164,-64
[10:37:15.899] 24.45,163,-64
[10:37:16.718] 24.90,166,-64
[10:37:18.356] 25.05,167,-65
[10:37:18.356] 26.55,177,-65
[10:37:18.653] 26.55,177,-65
[10:37:18.969] 26.10,174,-65
[10:37:19.781] 29.10,194,-68
[10:37:19.781] PRESS
[10:37:20.096] 31.35,209,-68
[10:37:20.906] 25.35,169,-65
[10:37:21.214] 25.65,171,-65
[10:37:22.344] 26.10,174,-65
[10:37:22.345] 24.60,164,-61
[10:37:22.651] 24.30,162,-61
[10:37:22.957] 24.15,161,-55
[10:37:23.269] 24.30,162,-55
[10:37:23.581] 24.60,164,-55
[10:37:24.389] 24.60,164,-55
[10:37:24.703] 24.90,166,-55
[10:37:25.004] 25.05,167,-55
[10:37:25.318] 25.05,167,-56
[10:37:26.129] 24.75,165,-56
[10:37:26.441] 24.15,161,-56
[10:37:26.761] 24.00,160,-56
[10:37:27.564] 26.85,179,-59
[10:37:27.882] 25.05,167,-59
[10:37:28.684] 23.55,157,-66
[10:37:28.997] 22.50,150,-66
[10:37:29.305] 20.40,136,-66
[10:37:29.608] 23.10,154,-58
