09:45:28.841,147099,2.70,32.19,17.58
09:45:28.942,147200,2.70,32.19,17.58
09:45:29.044,147301,2.72,32.16,17.59
09:45:29.145,147402,2.71,33.32,17.67
09:45:29.245,147503,2.69,33.32,17.67
09:45:29.347,147604,2.69,33.32,17.68
09:45:29.448,147705,2.69,26.94,17.66
09:45:29.548,147806,2.72,26.94,17.70
09:45:29.649,147907,2.72,26.03,17.70
09:45:29.751,148008,2.72,26.03,17.70
09:45:29.851,148109,2.73,26.83,17.65
09:45:29.953,148210,2.73,26.83,17.65
09:45:30.054,148311,2.74,33.05,17.49
09:45:30.155,148412,2.84,29.54,17.62
09:45:30.256,148513,2.89,29.54,17.62
09:45:30.357,148614,2.89,33.04,17.44
09:45:30.458,148715,2.95,26.48,17.33
09:45:30.559,148816,2.95,26.48,17.31
09:45:30.660,148917,2.95,25.80,17.31
09:45:30.761,149018,2.95,24.76,17.24
09:45:30.862,149119,3.35,31.89,17.06
09:45:30.963,149220,3.35,31.89,17.06
09:45:31.064,149321,3.48,33.86,16.96
09:45:31.165,149422,3.62,33.10,16.89
09:45:31.266,149523,3.75,33.10,16.81
09:45:31.366,149624,3.75,33.48,16.81
09:45:31.468,149725,3.95,32.14,17.05
09:45:31.569,149826,4.11,32.83,16.58
09:45:31.670,149927,4.11,32.83,16.58
09:45:31.771,150028,4.30,24.67,16.48
09:45:31.872,150129,4.52,25.07,16.29
09:45:31.972,150230,4.67,25.07,16.29
09:45:32.074,150331,4.67,32.65,16.23
09:45:32.175,150432,4.86,32.23,16.07
09:45:32.276,150533,5.02,32.23,15.93
09:45:32.377,150634,5.02,28.63,15.93
09:45:32.478,150735,5.21,31.91,15.90
09:45:32.579,150836,5.42,22.30,15.72
09:45:32.680,150937,5.42,22.30,15.72
09:45:32.781,151038,5.42,22.30,15.72
09:45:32.882,151139,5.81,23.57,15.82
09:45:32.982,151240,6.01,23.57,15.82
09:45:33.084,151341,6.01,26.16,15.58
09:45:33.185,151442,6.22,22.26,15.28
09:45:33.286,151543,6.42,22.26,15.55
09:45:33.387,151644,6.42,22.82,15.55
09:45:33.488,151745,6.62,23.64,15.37
09:45:33.589,151846,6.85,22.65,14.97
09:45:33.690,151947,6.85,22.65,14.97
09:45:33.791,152048,7.06,21.61,15.01
09:45:33.892,152149,7.26,20.89,14.96
09:45:33.993,152250,7.43,20.89,14.96
09:45:34.094,152351,7.43,20.02,14.80
09:45:34.195,152452,7.58,20.43,14.70
09:45:34.296,152553,7.76,20.43,14.53
09:45:34.397,152654,7.76,23.82,14.53
09:45:34.498,152755,7.88,21.43,14.68
09:45:34.599,152856,8.15,19.30,14.44
09:45:34.700,152957,8.15,19.30,14.44
09:45:34.801,153058,8.36,19.13,14.35
09:45:34.902,153159,8.56,18.93,14.23
09:45:35.003,153260,8.78,18.93,14.23
09:45:35.104,153361,8.78,18.75,14.10
09:45:35.205,153462,8.94,18.70,14.04
09:45:35.306,153563,9.07,18.70,14.06
09:45:35.407,153664,9.07,18.49,14.06
09:45:35.508,153765,9.27,18.33,13.97
09:45:35.609,153866,9.44,18.03,13.89
09:45:35.710,153967,9.44,18.03,13.89
09:45:35.811,154068,9.44,18.03,13.89
09:45:35.912,154169,9.86,17.72,13.76
09:45:36.013,154270,10.07,17.72,13.76
09:45:36.114,154371,10.07,17.48,13.75
09:45:36.215,154472,10.22,17.30,13.69
09:45:36.316,154573,10.41,17.30,13.61
09:45:36.417,154674,10.41,17.11,13.61
09:45:36.518,154775,10.58,16.94,13.55
09:45:36.619,154876,10.73,16.73,13.54
09:45:36.720,154977,10.73,16.73,13.54
09:45:36.821,155078,10.87,16.49,13.37
09:45:36.922,155179,11.08,16.29,13.42
09:45:37.023,155280,11.24,16.29,13.42
09:45:37.124,155381,11.24,16.09,13.24
09:45:37.225,155482,11.54,15.83,13.26
09:45:37.326,155583,11.72,15.83,13.25
09:45:37.427,155684,11.72,15.63,13.25
09:45:37.528,155785,11.88,15.45,13.25
09:45:37.629,155886,11.98,15.26,13.28
09:45:37.730,155987,11.98,15.26,13.28
09:45:37.831,156088,12.10,15.07,13.25
09:45:37.932,156189,12.29,14.93,13.22
09:45:38.033,156290,12.46,14.93,13.22
09:45:38.134,156391,12.46,14.72,13.19
09:45:38.235,156492,12.72,14.54,13.19
09:45:38.336,156593,12.83,14.43,13.14
09:45:38.437,156694,12.83,14.43,13.14
09:45:38.538,156795,13.03,14.26,13.17
09:45:38.639,156896,13.27,14.05,13.15
09:45:38.740,156997,13.27,14.05,13.15
09:45:38.841,157098,13.27,14.05,13.15
09:45:38.942,157199,13.63,13.70,13.05
09:45:39.043,157300,13.82,13.70,13.09
09:45:39.144,157401,13.82,13.48,13.09
09:45:39.245,157502,13.96,13.27,13.06
09:45:39.346,157603,14.25,13.04,13.13
09:45:39.447,157704,14.25,13.04,13.13
09:45:39.548,157805,14.38,12.86,13.21
09:45:39.649,157906,14.54,12.71,13.19
09:45:39.750,158007,14.72,12.71,13.19
09:45:39.851,158108,14.72,12.71,13.21
09:45:39.952,158209,14.72,12.71,13.21
09:45:40.053,158310,15.11,12.71,13.22
09:45:40.154,158411,15.11,12.10,13.22
09:45:40.255,158512,15.25,12.01,13.17
09:45:40.356,158613,15.47,11.74,13.22
09:45:40.457,158714,15.47,11.74,13.22
09:45:40.558,158815,15.61,11.61,13.30
09:45:40.659,158916,15.85,11.34,13.36
09:45:40.760,159017,16.05,11.34,13.36
09:45:40.861,159118,16.05,11.19,13.37
09:45:40.962,159219,16.31,11.05,13.40
09:45:41.063,159320,16.49,11.05,13.46
09:45:41.164,159421,16.49,10.89,13.46
09:45:41.265,159522,16.67,10.67,13.50
09:45:41.366,159623,16.84,10.44,13.60
09:45:41.467,159724,16.84,10.44,13.60
09:45:41.568,159825,16.99,10.25,13.67
09:45:41.669,159926,17.23,10.05,13.66
09:45:41.770,160027,17.23,10.05,13.66
09:45:41.871,160128,17.23,10.05,13.66
09:45:41.972,160229,17.69,9.78,13.87
09:45:42.073,160330,17.81,9.78,13.83
09:45:42.174,160431,17.81,9.63,13.83
09:45:42.275,160532,17.98,9.37,13.94
09:45:42.376,160633,18.12,9.25,13.89
09:45:42.477,160734,18.12,9.25,13.89
09:45:42.578,160835,18.34,8.99,14.00
09:45:42.679,160936,18.49,8.77,14.10
09:45:42.780,161037,18.63,8.77,14.10
09:45:42.881,161138,18.63,8.71,14.16
09:45:42.982,161239,18.87,8.48,14.18
09:45:43.083,161340,19.01,8.48,14.21
09:45:43.184,161441,19.01,8.40,14.21
09:45:43.285,161542,19.24,8.15,14.33
09:45:43.386,161643,19.35,7.90,14.35
09:45:43.487,161744,19.35,7.90,14.35
09:45:43.588,161845,19.55,7.78,14.38
09:45:43.689,161946,19.76,7.57,14.55
09:45:43.790,162047,19.76,7.57,14.55
09:45:43.891,162148,19.76,7.57,14.55
09:45:43.992,162249,20.13,7.21,14.64
09:45:44.093,162350,20.38,7.21,14.78
09:45:44.194,162451,20.38,7.12,14.78
09:45:44.295,162552,20.58,6.92,14.91
09:45:44.396,162653,20.71,6.79,16.14
09:45:44.497,162754,20.71,6.79,16.14
09:45:44.598,162855,21.01,6.56,15.12
09:45:44.699,162956,21.16,6.42,15.30
09:45:44.800,163057,21.16,6.42,15.30
09:45:44.901,163158,21.16,6.42,15.30
09:45:45.002,163259,21.58,6.08,15.51
09:45:45.103,163360,21.67,6.08,15.44
09:45:45.204,163461,21.67,5.81,15.44
09:45:45.305,163562,21.99,5.68,15.60
09:45:45.406,163663,22.08,5.48,15.84
09:45:45.507,163764,22.08,5.48,15.84
09:45:45.608,163865,22.48,5.26,15.86
09:45:45.709,163966,22.50,5.10,15.99
09:45:45.810,164067,22.67,5.10,16.13
09:45:45.911,164168,22.67,4.90,16.13
09:45:46.012,164269,22.88,4.72,16.25
09:45:46.113,164370,23.09,4.55,16.34
09:45:46.214,164471,23.09,4.55,16.34
09:45:46.315,164572,23.27,4.36,16.47
09:45:46.416,164673,23.44,4.16,17.55
09:45:46.517,164774,23.59,4.16,17.55
09:45:46.618,164875,23.59,4.06,20.83
09:45:46.719,164976,23.77,3.87,20.89
09:45:46.820,165077,23.96,3.87,19.02
09:45:46.921,165178,23.96,3.72,19.02
09:45:47.022,165279,24.18,3.57,19.99
09:45:47.123,165380,24.35,3.44,20.15
09:45:47.224,165481,24.35,3.44,20.15
09:45:47.325,165582,24.47,3.28,17.26
09:45:47.426,165683,24.63,3.14,21.24
09:45:47.527,165784,24.88,3.14,21.24
09:45:47.628,165885,24.88,3.04,17.52
09:45:47.729,165986,25.01,3.06,21.45
09:45:47.830,166087,25.01,3.06,21.45
09:45:47.931,166188,25.01,3.06,21.45
09:45:48.032,166289,33.13,2.66,17.72
09:45:48.133,166390,34.06,2.58,17.73
09:45:48.234,166491,34.06,2.58,17.73
09:45:48.335,166592,33.94,2.60,17.69
09:45:48.436,166693,30.70,2.61,20.56
09:45:48.537,166794,26.10,2.61,20.56
09:45:48.638,166895,26.10,2.72,17.65
09:45:48.739,166996,26.66,2.81,17.67
09:45:48.840,167097,28.81,2.81,21.25
09:45:48.941,167198,28.81,2.90,21.25
09:45:49.042,167299,25.73,3.05,21.12
09:45:49.143,167400,25.67,3.15,18.25
09:45:49.244,167501,25.67,3.15,18.25
09:45:49.345,167602,25.76,3.35,17.40
09:45:49.446,167703,32.28,3.52,19.94
09:45:49.547,167804,25.91,3.52,19.94
09:45:49.648,167905,25.91,3.73,17.02
09:45:49.749,168006,25.94,3.98,20.55
09:45:49.850,168107,33.72,3.98,17.75
09:45:49.951,168208,33.72,4.17,17.75
09:45:50.052,168309,33.83,4.31,17.19
09:45:50.153,168410,25.86,4.53,16.46
09:45:50.254,168511,25.86,4.53,16.46
09:45:50.355,168612,25.92,4.69,16.40
09:45:50.456,168713,26.01,4.89,16.26
09:45:50.557,168814,25.97,4.89,16.26
09:45:50.658,168915,25.97,5.12,16.21
09:45:50.759,169016,25.97,5.30,15.90
09:45:50.860,169117,25.97,5.30,15.90
09:45:50.961,169218,25.97,5.30,15.90
09:45:51.062,169319,26.03,5.75,15.72
09:45:51.163,169420,26.13,5.75,17.04
09:45:51.264,169521,26.13,5.75,17.04
09:45:51.365,169622,26.13,5.75,17.04
09:45:51.466,169723,26.29,6.39,25.73
09:45:51.567,169824,33.84,6.39,25.73
09:45:51.668,169925,33.84,6.67,17.85
09:45:51.769,170026,26.37,6.92,15.07
09:45:51.870,170127,27.23,6.92,15.04
09:45:51.971,170228,27.23,7.11,15.04
09:45:52.072,170329,26.37,7.33,23.57
09:45:52.173,170430,30.20,7.51,23.64
09:45:52.274,170531,30.20,7.51,23.64
09:45:52.375,170632,26.55,7.71,23.33
09:45:52.476,170733,26.60,7.92,24.92
09:45:52.577,170834,26.64,7.92,24.92
09:45:52.678,170935,26.64,8.11,14.69
09:45:52.779,171036,26.70,8.37,21.05
09:45:52.880,171137,26.75,8.56,24.69
09:45:52.981,171238,26.75,8.56,24.69
09:45:53.082,171339,26.78,8.76,17.02
09:45:53.183,171440,26.86,8.94,17.03
09:45:53.284,171541,27.02,8.94,17.03
09:45:53.385,171642,27.02,9.19,24.58
09:45:53.486,171743,27.01,9.41,19.47
09:45:53.587,171844,27.06,9.41,16.86
09:45:53.688,171945,27.06,9.69,16.86
09:45:53.789,172046,27.13,9.85,23.52
09:45:53.890,172147,27.13,9.85,23.52
09:45:53.991,172248,27.13,9.85,23.52
09:45:54.092,172349,27.32,10.23,22.49
09:45:54.193,172450,27.36,10.42,16.83
09:45:54.294,172551,28.39,10.42,16.83
09:45:54.395,172652,28.39,10.62,16.34
09:45:54.496,172753,27.56,10.86,16.23
09:45:54.597,172854,27.56,10.86,16.73
09:45:54.698,172955,27.56,10.98,16.73
09:45:54.799,173056,27.68,11.18,20.11
09:45:54.900,173157,27.68,11.33,16.05
09:45:55.001,173258,27.68,11.33,16.05
09:45:55.102,173359,27.87,11.51,13.29
09:45:55.203,173460,31.58,11.67,13.20
09:45:55.304,173561,28.93,11.67,13.20
09:45:55.405,173662,28.93,11.85,13.18
09:45:55.506,173763,28.16,12.08,15.83
09:45:55.607,173864,28.18,12.08,13.02
09:45:55.708,173965,28.18,12.23,13.02
09:45:55.809,174066,28.18,12.50,13.10
09:45:55.910,174167,28.24,12.50,13.09
09:45:56.011,174268,28.24,12.50,13.09
09:45:56.112,174369,28.24,12.50,13.09
09:45:56.213,174470,35.14,13.00,12.81
09:45:56.314,174571,35.11,13.00,12.81
09:45:56.415,174672,35.11,13.24,12.60
09:45:56.516,174773,35.08,13.07,12.28
09:45:56.617,174874,35.03,13.07,12.22
09:45:56.718,174975,35.03,13.12,12.22
09:45:56.819,175076,34.93,13.18,12.04
09:45:56.920,175177,34.93,13.18,12.04
09:45:57.021,175278,34.93,13.18,12.04
09:45:57.122,175379,31.21,13.22,11.75
09:45:57.223,175480,30.98,13.30,11.58
09:45:57.324,175581,27.43,13.30,11.58
09:45:57.425,175682,27.43,13.36,11.40
09:45:57.526,175783,34.48,13.45,11.22
09:45:57.627,175884,34.31,13.45,11.07
09:45:57.728,175985,34.31,13.50,11.07
09:45:57.829,176086,33.71,13.54,10.81
09:45:57.930,176187,33.93,13.55,10.56
09:45:58.031,176288,33.93,13.55,10.56
09:45:58.132,176389,33.66,13.60,10.42
09:45:58.233,176490,32.20,13.69,10.28
09:45:58.334,176591,29.91,13.69,10.28
09:45:58.435,176692,29.91,13.75,10.17
09:45:58.536,176793,33.61,13.80,10.00
09:45:58.637,176894,33.34,13.80,9.73
09:45:58.738,176995,33.34,13.84,9.73
09:45:58.839,177096,33.21,13.88,9.44
09:45:58.940,177197,29.37,13.94,9.25
09:45:59.041,177298,29.37,13.94,9.25
09:45:59.142,177399,30.47,13.97,9.12
09:45:59.243,177500,29.29,14.08,8.98
09:45:59.344,177601,32.65,14.08,8.98
09:45:59.446,177702,32.65,14.17,8.75
09:45:59.547,177803,32.49,14.28,8.52
09:45:59.648,177904,32.35,14.28,8.39
09:45:59.748,178005,32.35,14.36,8.39
09:45:59.849,178106,28.15,14.43,8.22
09:45:59.950,178207,28.15,14.43,8.22
09:46:00.051,178308,28.15,14.43,8.22
09:46:00.152,178409,28.00,14.52,7.85
09:46:00.253,178510,29.27,14.64,7.68
09:46:00.354,178611,29.90,14.64,7.48
09:46:00.455,178712,29.90,14.69,7.48
09:46:00.556,178813,31.55,14.74,7.29
09:46:00.657,178914,28.95,14.82,7.08
09:46:00.758,179015,28.95,14.82,7.08
09:46:00.859,179116,26.52,15.05,6.93
09:46:00.960,179217,31.17,15.09,6.73
09:46:01.061,179318,28.52,15.09,6.73
09:46:01.163,179419,28.52,15.07,6.53
09:46:01.263,179520,25.86,15.30,6.39
09:46:01.364,179621,25.78,15.30,6.16
09:46:01.465,179722,25.78,15.48,6.16
09:46:01.566,179823,26.71,15.52,5.98
09:46:01.667,179924,26.71,15.61,5.76
09:46:01.768,180025,26.71,15.61,5.76
09:46:01.869,180126,29.73,15.78,5.57
09:46:01.970,180227,29.73,15.78,5.57
09:46:02.071,180328,26.15,15.78,5.57
09:46:02.172,180429,26.15,15.98,5.21
09:46:02.273,180530,28.37,16.04,4.98
09:46:02.374,180631,29.82,16.04,4.77
09:46:02.475,180732,29.82,16.22,4.77
09:46:02.576,180833,29.77,16.34,4.63
09:46:02.677,180934,25.21,16.41,4.38
09:46:02.778,181035,25.21,16.41,4.38
09:46:02.879,181136,24.55,16.58,4.24
09:46:02.980,181237,24.55,16.58,4.24
09:46:03.081,181338,29.19,16.58,4.24
09:46:03.182,181439,29.19,16.70,3.87
09:46:03.283,181540,28.62,16.83,3.69
09:46:03.384,181641,24.46,16.83,3.55
09:46:03.485,181742,24.46,17.13,3.55
09:46:03.586,181843,24.11,17.14,3.33
09:46:03.687,181944,28.85,17.27,3.13
09:46:03.788,182045,28.85,17.27,3.13
09:46:03.889,182146,24.07,17.48,3.02
09:46:03.990,182247,26.92,17.56,2.90
09:46:04.091,182348,25.22,17.56,2.90
09:46:04.192,182449,25.22,21.62,2.76
09:46:04.293,182550,21.39,17.73,2.65
09:46:04.394,182651,19.57,17.73,2.53
09:46:04.495,182752,19.57,18.25,2.53
09:46:04.596,182853,19.41,18.58,2.41
09:46:04.697,182954,19.18,18.49,2.26
09:46:04.798,183055,19.18,18.49,2.26
09:46:04.899,183156,18.94,18.54,2.23
09:46:05.000,183257,26.98,18.46,2.14
09:46:05.101,183358,19.86,18.46,2.14
09:46:05.202,183459,19.86,18.93,2.18
09:46:05.303,183560,18.53,23.16,2.13
09:46:05.404,183661,18.35,23.16,2.13
09:46:05.505,183762,18.35,18.99,2.13
09:46:05.606,183863,20.09,19.11,2.18
09:46:05.707,183964,18.19,19.28,2.25
09:46:05.808,184065,18.19,19.28,2.25
09:46:05.909,184166,18.03,19.46,2.36
09:46:06.010,184267,18.03,19.46,2.36
09:46:06.111,184368,17.70,19.46,2.36
09:46:06.212,184469,17.70,20.81,2.64
09:46:06.314,184570,17.61,19.88,2.83
09:46:06.414,184671,17.51,19.88,2.99
09:46:06.515,184772,17.51,20.09,2.99
09:46:06.616,184873,17.33,21.78,3.17
09:46:06.717,184974,17.84,20.46,3.33
09:46:06.818,185075,17.84,20.46,3.33
09:46:06.920,185176,17.08,20.51,3.47
09:46:07.020,185277,16.98,20.58,3.69
09:46:07.121,185378,16.82,20.58,3.69
09:46:07.223,185479,16.82,20.85,3.82
09:46:07.323,185580,16.65,20.98,4.04
09:46:07.424,185681,21.54,31.47,4.18
09:46:07.525,185782,21.54,31.47,4.18
09:46:07.627,185883,21.54,31.47,4.18
09:46:07.727,185984,20.77,24.82,4.60
09:46:07.828,186085,16.32,24.82,4.60
09:46:07.929,186186,16.32,30.46,4.80
09:46:08.031,186287,16.10,21.85,5.03
09:46:08.131,186388,15.97,21.85,5.24
09:46:08.232,186489,15.97,30.48,5.24
09:46:08.333,186590,15.86,30.91,5.43
09:46:08.434,186691,21.12,27.10,5.63
09:46:08.535,186792,21.12,27.10,5.63
09:46:08.637,186893,15.72,26.91,5.82
09:46:08.737,186994,15.63,28.33,6.04
09:46:08.838,187095,21.14,28.33,6.04
09:46:08.939,187196,21.14,30.87,6.27
09:46:09.040,187297,21.14,30.87,6.27
09:46:09.142,187398,15.37,30.87,6.65
09:46:09.242,187499,15.37,31.19,6.65
09:46:09.343,187600,15.24,24.83,6.87
09:46:09.444,187701,15.30,32.00,7.00
09:46:09.545,187802,15.30,32.00,7.00
09:46:09.646,187903,15.15,32.27,7.27
09:46:09.747,188004,20.90,32.83,7.33
09:46:09.848,188105,24.20,32.83,7.33
09:46:09.949,188206,24.20,32.09,7.64
09:46:10.050,188307,14.75,32.04,7.85
09:46:10.151,188408,20.89,32.04,8.01
09:46:10.253,188509,20.89,32.24,8.01
09:46:10.354,188610,14.49,30.73,8.13
09:46:10.454,188711,15.72,33.04,8.41
09:46:10.556,188812,15.72,33.04,8.41
09:46:10.656,188913,15.52,34.73,8.57
09:46:10.757,189014,14.19,32.63,8.73
09:46:10.859,189115,15.27,32.63,8.73
09:46:10.959,189216,15.27,32.97,8.98
09:46:11.060,189317,20.43,33.04,9.28
09:46:11.161,189418,18.84,33.04,9.46
09:46:11.263,189519,18.84,33.27,9.46
09:46:11.363,189620,23.43,33.27,9.59
09:46:11.464,189721,13.91,33.43,9.69
09:46:11.565,189822,13.91,33.43,9.69
09:46:11.666,189923,13.73,33.82,9.97
09:46:11.767,190024,13.63,31.48,10.15
09:46:11.868,190125,13.63,31.48,10.15
09:46:11.970,190226,13.63,35.42,10.36
09:46:12.070,190327,13.63,35.42,10.36
09:46:12.171,190428,13.77,35.42,10.79
09:46:12.273,190529,13.77,34.32,10.79
09:46:12.374,190630,14.39,34.29,10.90
09:46:12.475,190731,16.40,34.40,11.16
09:46:12.576,190832,16.40,34.40,11.16
09:46:12.677,190933,21.14,34.50,11.38
09:46:12.778,191034,18.69,34.71,11.56
09:46:12.879,191135,13.48,34.71,11.56
09:46:12.980,191236,13.48,34.82,11.77
09:46:13.081,191337,17.80,35.08,11.99
09:46:13.182,191438,13.27,35.08,12.23
09:46:13.282,191539,13.27,35.20,12.23
09:46:13.383,191640,13.43,28.88,12.39
09:46:13.484,191741,21.23,28.11,12.61
09:46:13.585,191842,21.23,28.11,12.61
09:46:13.687,191943,13.00,28.10,15.64
09:46:13.787,192044,12.89,28.12,12.83
09:46:13.889,192145,13.15,28.12,12.83
09:46:13.990,192246,13.15,28.12,12.83
09:46:14.091,192347,12.25,35.27,12.86
09:46:14.192,192448,12.01,35.27,12.94
09:46:14.293,192549,12.01,35.15,12.94
09:46:14.394,192650,11.86,33.31,13.03
09:46:14.495,192751,11.58,34.57,13.09
09:46:14.595,192852,11.58,34.57,13.09
09:46:14.697,192953,11.41,34.96,13.17
09:46:14.797,193054,11.29,34.93,13.23
09:46:14.899,193155,11.04,34.93,13.26
09:46:15.000,193256,11.04,32.56,13.26
09:46:15.100,193357,11.04,32.56,13.26
09:46:15.202,193458,10.71,31.35,13.30
09:46:15.303,193559,10.71,31.35,13.30
09:46:15.403,193660,5.35,28.43,13.36
09:46:15.504,193761,10.30,34.75,13.45
09:46:15.605,193862,10.05,34.75,13.45
09:46:15.707,193963,10.05,34.97,13.50
09:46:15.808,194064,9.89,27.25,13.61
09:46:15.909,194165,9.70,27.25,13.66
09:46:16.009,194266,9.70,30.19,13.66
09:46:16.110,194367,9.44,34.56,13.71
09:46:16.212,194468,9.24,33.49,13.82
09:46:16.313,194569,9.24,33.49,13.82
09:46:16.414,194670,8.97,26.78,13.83
09:46:16.514,194771,8.76,26.79,14.01
09:46:16.616,194872,8.52,26.79,14.01
09:46:16.716,194973,8.52,33.21,14.00
09:46:16.818,195074,8.36,30.85,14.16
09:46:16.918,195175,8.10,30.85,14.23
09:46:17.020,195276,8.10,34.08,14.23
09:46:17.120,195377,7.91,34.04,14.36
09:46:17.222,195478,7.74,33.99,14.49
09:46:17.323,195579,7.74,33.99,14.49
09:46:17.424,195680,7.52,33.88,14.64
09:46:17.525,195781,7.30,32.92,14.84
09:46:17.625,195882,7.12,32.92,14.84
09:46:17.727,195983,7.12,30.06,14.86
09:46:17.827,196084,6.93,33.79,14.96
09:46:17.928,196185,6.67,33.79,15.09
09:46:18.030,196286,6.67,33.79,15.09
09:46:18.130,196387,6.67,33.79,15.09
09:46:18.231,196488,6.25,32.70,17.94
09:46:18.333,196589,6.25,32.70,17.94
09:46:18.433,196690,6.02,27.14,15.53
09:46:18.535,196791,5.86,33.61,15.56
09:46:18.636,196892,5.65,33.61,15.56
09:46:18.736,196993,5.65,33.56,23.31
09:46:18.837,197094,5.41,33.14,16.25
09:46:18.938,197195,5.22,33.14,16.13
09:46:19.040,197296,5.22,32.43,16.13
09:46:19.140,197397,5.02,33.36,18.95
09:46:19.242,197498,4.83,33.49,16.25
09:46:19.343,197599,4.83,33.49,16.25
09:46:19.444,197700,4.67,33.53,25.90
09:46:19.545,197801,4.49,33.58,23.72
09:46:19.646,197902,4.29,33.58,23.72
09:46:19.747,198003,4.29,33.15,19.19
09:46:19.847,198104,4.08,29.73,24.15
09:46:19.949,198205,3.92,29.73,21.69
09:46:20.050,198306,3.92,26.91,21.69
09:46:20.150,198407,3.68,27.28,24.28
09:46:20.252,198508,3.57,33.82,17.07
09:46:20.353,198609,3.57,33.82,17.07
09:46:20.453,198710,3.42,33.72,19.63
09:46:20.554,198811,3.24,25.74,17.44
09:46:20.656,198912,3.08,25.74,17.44
09:46:20.756,199013,3.08,29.92,17.43
09:46:20.858,199114,2.91,33.73,17.57
09:46:20.959,199215,2.85,33.73,17.61
09:46:21.060,199316,2.85,33.67,17.61
09:46:21.161,199417,2.85,33.67,17.61
09:46:21.262,199518,2.79,30.39,17.74
09:46:21.363,199619,2.79,30.39,17.74
09:46:21.464,199720,2.77,29.22,17.75
09:46:21.565,199821,2.81,24.92,17.55
09:46:21.666,199922,2.89,24.92,17.55
09:46:21.767,200023,2.89,30.31,17.67
09:46:21.868,200124,2.93,29.19,17.35
09:46:21.968,200225,3.06,25.70,17.32
09:46:22.070,200326,3.06,25.70,17.32
09:46:22.171,200427,3.22,24.45,17.26
09:46:22.272,200528,3.41,24.26,17.17
09:46:22.373,200629,3.55,24.26,17.17
09:46:22.474,200730,3.55,24.01,17.02
09:46:22.575,200831,3.74,23.80,16.87
09:46:22.676,200932,3.91,23.80,16.88
09:46:22.777,201033,3.91,23.61,16.88
09:46:22.878,201134,4.16,23.38,16.74
09:46:22.979,201235,4.29,23.27,16.51
09:46:23.080,201336,4.29,23.27,16.51
09:46:23.181,201437,4.58,22.99,16.45
09:46:23.281,201538,4.58,22.81,16.24
09:46:23.383,201639,4.58,22.81,16.24
09:46:23.484,201740,4.58,22.69,16.05
09:46:23.585,201841,5.15,22.69,16.01
09:46:23.686,201942,5.15,22.69,16.01
09:46:23.787,202043,5.15,22.69,16.01
09:46:23.888,202144,5.61,22.02,15.82
09:46:23.989,202245,5.77,21.86,15.59
09:46:24.090,202346,5.77,21.86,15.59
09:46:24.191,202447,5.77,21.86,15.59
09:46:24.292,202548,6.20,27.67,15.31
09:46:24.393,202649,6.40,27.67,15.31
09:46:24.494,202750,6.40,21.40,15.21
09:46:24.595,202851,6.58,26.63,15.16
09:46:24.696,202952,6.80,26.63,15.18
09:46:24.797,203053,6.80,21.58,15.18
09:46:24.898,203154,6.80,29.66,15.18
09:46:24.999,203255,6.80,20.32,14.91
09:46:25.100,203356,6.80,20.32,14.91
09:46:25.201,203457,7.43,20.09,14.76
09:46:25.302,203558,7.69,19.86,14.60
09:46:25.403,203659,7.88,19.86,14.60
09:46:25.504,203760,7.88,19.75,14.57
09:46:25.605,203861,8.05,19.45,14.51
09:46:25.706,203962,8.25,19.45,14.39
09:46:25.807,204063,8.25,19.19,14.39
09:46:25.908,204164,8.45,19.03,14.36
09:46:26.009,204265,8.68,18.81,14.29
09:46:26.110,204366,8.68,18.81,14.29
09:46:26.211,204467,8.91,18.66,14.15
09:46:26.312,204568,9.11,18.49,14.13
09:46:26.413,204669,9.34,18.49,14.13
09:46:26.514,204770,9.34,18.26,14.01
09:46:26.615,204871,9.50,18.03,13.88
09:46:26.716,204972,9.75,18.03,13.85
09:46:26.817,205073,9.75,17.87,13.85
09:46:26.918,205174,9.92,17.71,13.84
09:46:27.019,205275,10.20,17.41,13.73
09:46:27.120,205376,10.20,17.41,13.73
09:46:27.221,205477,10.20,17.41,13.73
09:46:27.322,205578,10.61,16.97,13.47
09:46:27.423,205679,10.74,16.97,13.47
09:46:27.524,205780,10.74,16.71,13.45
09:46:27.625,205881,10.97,16.47,13.40
09:46:27.726,205982,11.20,16.47,13.31
09:46:27.827,206083,11.20,16.26,13.31
09:46:27.928,206184,11.36,16.06,13.30
09:46:28.029,206285,11.69,15.77,13.32
09:46:28.130,206386,11.69,15.77,13.32
09:46:28.231,206487,11.69,15.77,13.32
09:46:28.332,206588,12.14,15.36,13.30
09:46:28.433,206689,12.28,15.36,13.30
09:46:28.534,206790,12.28,15.28,13.32
09:46:28.635,206891,12.42,14.95,13.12
09:46:28.736,206992,12.56,14.95,13.10
09:46:28.837,207093,12.56,14.78,13.10
09:46:28.938,207194,12.78,14.54,13.12
09:46:29.039,207295,13.02,14.33,13.07
09:46:29.140,207396,13.02,14.33,13.07
09:46:29.241,207497,13.25,14.09,13.07
09:46:29.343,207598,13.48,13.97,13.05
09:46:29.443,207699,13.68,13.97,13.07
09:46:29.544,207800,13.68,13.82,13.07
09:46:29.645,207901,13.79,13.60,13.04
09:46:29.746,208002,14.08,13.42,13.09
09:46:29.847,208103,14.08,13.42,13.09
09:46:29.948,208204,14.28,13.16,13.12
09:46:30.049,208305,14.55,12.83,13.17
09:46:30.150,208406,14.55,12.83,13.17
09:46:30.251,208507,14.55,12.83,13.17
09:46:30.352,208608,14.97,12.35,13.14
09:46:30.453,208709,15.11,12.35,13.13
09:46:30.554,208810,15.11,12.15,13.13
09:46:30.655,208911,15.27,11.97,13.20
09:46:30.756,209012,15.49,11.80,13.24
09:46:30.857,209113,15.49,11.80,13.24
09:46:30.958,209214,15.68,11.56,13.31
09:46:31.059,209315,16.00,11.42,13.36
09:46:31.160,209416,16.24,11.42,13.36
09:46:31.261,209517,16.24,11.10,13.30
09:46:31.362,209618,16.38,10.90,13.35
09:46:31.463,209719,16.60,10.90,13.44
09:46:31.564,209820,16.60,10.67,13.44
09:46:31.665,209921,16.78,10.56,13.48
09:46:31.766,210022,17.01,10.31,13.58
09:46:31.867,210123,17.01,10.31,13.58
09:46:31.968,210224,17.32,10.04,13.59
09:46:32.069,210325,17.48,10.05,13.70
09:46:32.170,210426,17.69,10.05,13.70
09:46:32.271,210527,17.69,9.76,13.71
09:46:32.372,210628,17.87,9.56,13.76
09:46:32.473,210729,18.11,9.56,13.88
09:46:32.574,210830,18.11,9.33,13.88
09:46:32.675,210931,18.29,9.14,13.91
09:46:32.776,211032,18.49,8.86,14.08
09:46:32.877,211133,18.49,8.86,14.08
09:46:32.978,211234,18.62,8.75,14.08
09:46:33.079,211335,18.91,8.50,14.21
09:46:33.180,211436,18.91,8.50,14.21
09:46:33.281,211537,18.91,8.50,14.21
09:46:33.382,211638,19.28,8.17,14.23
09:46:33.483,211739,19.52,8.17,14.44
09:46:33.584,211840,19.52,7.96,14.44
09:46:33.685,211941,19.70,7.65,14.56
09:46:33.786,212042,19.90,7.60,14.62
09:46:33.887,212143,19.90,7.60,14.62
09:46:33.988,212244,20.10,7.36,14.81
09:46:34.089,212345,20.36,7.16,14.83
09:46:34.190,212446,20.55,7.16,14.83
09:46:34.291,212547,20.55,6.94,14.89
09:46:34.392,212648,20.75,6.74,15.01
09:46:34.493,212749,20.96,6.74,15.21
09:46:34.594,212850,20.96,6.53,15.21
09:46:34.695,212951,21.21,6.32,19.64
09:46:34.796,213052,21.51,6.12,19.79
09:46:34.897,213153,21.51,6.12,19.79
09:46:34.998,213254,21.71,5.88,16.61
09:46:35.099,213355,21.88,5.61,15.61
09:46:35.200,213456,22.19,5.61,15.61
09:46:35.301,213557,22.19,5.38,15.62
09:46:35.402,213658,22.53,5.25,16.95
09:46:35.503,213759,22.47,5.25,20.27
09:46:35.604,213860,22.47,4.99,20.27
09:46:35.705,213961,22.73,4.86,25.05
09:46:35.806,214062,22.96,4.64,22.46
09:46:35.907,214163,22.96,4.64,22.46
09:46:36.008,214264,23.13,4.49,20.46
09:46:36.109,214365,23.35,4.25,16.51
09:46:36.210,214466,23.35,4.25,16.51
09:46:36.311,214567,23.35,4.25,16.51
09:46:36.412,214668,23.82,3.81,18.74
09:46:36.513,214769,24.04,3.60,21.30
09:46:36.614,214870,24.04,3.60,21.30
09:46:36.715,214971,24.10,3.31,17.89
09:46:36.816,215072,24.34,3.32,20.03
09:46:36.917,215173,24.86,3.32,20.03
09:46:37.018,215274,24.86,3.71,18.73
09:46:37.119,215375,24.79,3.11,17.18
09:46:37.220,215476,26.14,3.11,17.18
09:46:37.321,215577,26.14,2.92,17.18
09:46:37.422,215678,29.81,2.89,17.26
09:46:37.523,215779,33.42,2.91,17.25
09:46:37.624,215880,33.42,2.91,17.25
09:46:37.725,215981,30.46,2.89,17.29
09:46:37.826,216082,32.55,3.02,17.43
09:46:37.927,216183,25.57,3.02,17.43
09:46:38.028,216284,25.57,3.19,18.25
09:46:38.129,216385,26.10,3.37,17.16
09:46:38.230,216486,25.66,3.37,16.96
09:46:38.331,216587,25.66,3.60,16.96
09:46:38.432,216688,25.71,3.76,16.96
09:46:38.533,216789,25.72,3.99,16.83
09:46:38.634,216890,25.72,3.99,16.83
09:46:38.735,216991,29.61,4.19,16.76
09:46:38.836,217092,25.88,4.41,16.70
09:46:38.937,217193,25.84,4.41,16.70
09:46:39.038,217294,25.84,4.62,16.52
09:46:39.139,217395,30.77,4.94,16.32
09:46:39.240,217496,30.77,4.94,16.32
09:46:39.341,217597,30.77,4.94,16.32
09:46:39.442,217698,25.88,5.29,16.06
09:46:39.543,217799,25.90,5.39,15.88
09:46:39.644,217900,25.90,5.39,15.88
09:46:39.745,218001,25.93,5.60,15.75
09:46:39.846,218102,26.03,5.80,15.68
09:46:39.947,218203,26.02,5.80,15.68
09:46:40.048,218304,26.02,6.02,15.48
09:46:40.149,218405,26.64,6.22,15.40
09:46:40.250,218506,28.31,6.22,15.26
09:46:40.351,218607,28.31,6.43,15.26
09:46:40.452,218708,26.19,6.67,15.16
09:46:40.553,218809,30.99,6.86,15.08
09:46:40.654,218910,30.99,6.86,15.08
09:46:40.755,219011,26.35,7.04,15.05
09:46:40.856,219112,30.18,7.23,14.96
09:46:40.957,219213,30.16,7.23,14.96
09:46:41.058,219314,30.16,7.45,17.06
09:46:41.159,219415,26.45,7.66,24.98
09:46:41.260,219516,26.48,7.66,22.43
09:46:41.361,219617,26.48,7.84,22.43
09:46:41.462,219718,26.41,8.05,14.53
09:46:41.563,219819,26.41,8.05,14.53
09:46:41.664,219920,26.41,8.05,14.53
09:46:41.765,220021,26.61,8.42,14.25
09:46:41.866,220122,29.57,8.61,14.25
09:46:41.967,220223,26.76,8.61,14.25
09:46:42.068,220324,26.76,8.85,14.15
09:46:42.169,220425,26.80,9.06,14.03
09:46:42.270,220526,26.80,9.06,14.03
09:46:42.371,220627,26.80,9.06,14.03
09:46:42.472,220728,26.91,9.47,13.88
09:46:42.573,220829,34.55,9.67,13.82
09:46:42.674,220930,34.55,9.67,13.82
09:46:42.775,221031,33.87,9.89,13.75
09:46:42.876,221132,30.07,10.11,13.70
09:46:42.977,221233,30.04,10.11,13.70
09:46:43.078,221334,30.04,10.32,13.63
09:46:43.179,221435,28.26,10.52,13.56
09:46:43.280,221536,28.55,10.52,13.47
09:46:43.381,221637,28.55,10.52,13.47
09:46:43.482,221738,28.55,10.52,13.47
09:46:43.583,221839,34.88,11.05,13.44
09:46:43.684,221940,34.88,11.05,13.44
09:46:43.785,222041,31.33,11.26,13.43
09:46:43.886,222142,30.13,11.36,13.33
09:46:43.987,222243,34.46,11.36,15.76
09:46:44.088,222344,34.46,11.60,15.76
09:46:44.189,222445,27.91,11.74,13.23
09:46:44.290,222546,27.91,11.74,13.23
09:46:44.391,222647,27.91,11.74,13.23
09:46:44.492,222748,27.91,12.06,14.42
09:46:44.593,222849,28.09,12.35,14.12
09:46:44.694,222950,28.17,12.35,14.12
09:46:44.795,223051,28.17,12.50,13.12
09:46:44.896,223152,28.10,12.69,12.92
09:46:44.997,223253,30.25,12.69,13.05
09:46:45.098,223354,30.25,12.97,13.05
09:46:45.199,223455,28.16,13.14,12.77
09:46:45.300,223556,28.16,13.14,12.77
09:46:45.401,223657,28.16,13.14,12.77
09:46:45.502,223758,28.07,13.04,12.54
09:46:45.603,223859,33.84,13.17,12.30
09:46:45.705,223960,32.34,13.17,12.30
09:46:45.805,224061,32.34,13.11,12.61
09:46:45.907,224162,34.93,13.23,11.95
09:46:46.007,224263,31.14,13.23,12.07
09:46:46.108,224364,31.14,13.24,12.07
09:46:46.209,224465,303.88,13.30,11.61
09:46:46.310,224566,34.42,13.42,11.50
09:46:46.411,224667,34.42,13.42,11.50
09:46:46.512,224768,34.47,13.42,11.23
09:46:46.613,224869,32.14,13.44,11.08
09:46:46.714,224970,32.55,13.44,11.08
09:46:46.815,225071,32.55,13.46,10.82
09:46:46.916,225172,31.81,13.60,10.59
09:46:47.017,225273,30.93,13.60,10.42
09:46:47.118,225374,30.93,13.63,10.42
09:46:47.219,225475,31.50,13.61,10.33
09:46:47.320,225576,31.50,13.65,10.11
09:46:47.421,225677,31.50,13.65,10.11
09:46:47.522,225778,30.68,13.73,9.79
09:46:47.623,225879,25.79,13.80,9.60
09:46:47.724,225980,25.55,13.80,9.60
09:46:47.825,226081,25.55,13.97,9.44
09:46:47.926,226182,25.55,13.90,9.33
09:46:48.027,226283,28.15,13.90,9.09
09:46:48.128,226384,28.15,14.00,9.09
09:46:48.229,226485,25.02,14.04,8.83
09:46:48.330,226586,25.02,14.04,8.83
09:46:48.431,226687,25.02,14.04,8.83
09:46:48.532,226788,30.49,14.27,8.54
09:46:48.633,226889,30.49,14.27,8.54
09:46:48.734,226990,24.28,14.27,8.54
09:46:48.835,227091,24.28,14.42,8.02
09:46:48.936,227192,28.46,14.58,8.02
09:46:49.037,227293,28.46,14.58,8.02
09:46:49.138,227394,28.46,14.71,8.02
09:46:49.239,227495,23.83,14.78,7.54
09:46:49.340,227596,23.60,14.78,7.23
09:46:49.441,227697,23.60,14.78,7.23
09:46:49.542,227798,23.60,14.78,7.23
09:46:49.643,227899,23.21,15.03,6.84
09:46:49.744,228000,24.03,15.03,6.84
09:46:49.845,228101,24.03,15.15,6.67
09:46:49.946,228202,26.01,15.31,6.49
09:46:50.047,228303,25.85,15.31,6.28
09:46:50.148,228404,25.85,15.41,6.28
09:46:50.249,228505,26.75,15.52,6.15
09:46:50.350,228606,22.70,15.50,6.03
09:46:50.451,228707,22.70,15.50,6.03
09:46:50.552,228808,22.17,15.67,5.62
09:46:50.653,228909,21.98,15.83,5.45
09:46:50.754,229010,29.49,15.83,5.45
09:46:50.856,229111,29.49,15.95,5.30
09:46:50.956,229212,24.86,16.02,5.04
09:46:51.057,229313,24.45,16.13,4.85
09:46:51.158,229414,24.45,16.13,4.85
09:46:51.259,229515,21.87,16.33,4.64
09:46:51.360,229616,21.87,16.33,4.64
09:46:51.461,229717,21.03,16.33,4.64
09:46:51.562,229818,21.03,16.55,4.24
09:46:51.663,229919,24.35,16.59,4.08
09:46:51.764,230020,23.28,16.59,3.93
09:46:51.865,230121,23.28,16.71,3.93
09:46:51.966,230222,29.12,16.93,3.69
09:46:52.067,230323,23.93,17.01,3.53
09:46:52.168,230424,23.93,17.01,3.53
09:46:52.269,230525,24.58,17.15,3.36
09:46:52.370,230626,24.58,17.15,3.36
09:46:52.471,230727,25.41,17.15,3.36
09:46:52.572,230828,25.41,17.42,3.05
09:46:52.673,230929,28.21,17.58,2.89
09:46:52.774,231030,19.72,17.58,2.73
09:46:52.875,231131,19.72,24.69,2.73
09:46:52.976,231232,19.66,18.19,2.60
09:46:53.077,231333,20.83,18.19,2.50
09:46:53.178,231434,20.83,18.19,2.50
09:46:53.279,231535,26.96,18.45,2.47
09:46:53.380,231636,19.14,18.53,2.36
09:46:53.481,231737,18.98,18.53,2.36
09:46:53.582,231838,18.98,18.59,2.28
09:46:53.683,231939,18.87,19.64,2.21
09:46:53.784,232040,18.77,19.64,2.18
09:46:53.885,232141,18.77,18.68,2.18
09:46:53.986,232242,18.53,18.88,2.12
09:46:54.087,232343,18.44,22.79,2.14
09:46:54.188,232444,18.44,22.79,2.14
09:46:54.289,232545,18.27,26.75,2.19
09:46:54.390,232646,18.27,26.75,2.19
09:46:54.491,232747,18.02,26.75,2.19
09:46:54.592,232848,18.02,20.55,2.37
09:46:54.693,232949,17.78,24.15,2.46
09:46:54.794,233050,17.67,24.15,2.62
09:46:54.895,233151,17.67,24.74,2.62
09:46:54.996,233252,17.61,29.20,2.72
09:46:55.097,233353,17.44,23.42,2.90
09:46:55.198,233454,17.44,23.42,2.90
09:46:55.299,233555,17.29,28.92,3.05
09:46:55.400,233656,17.21,29.70,3.26
09:46:55.501,233757,17.16,29.70,3.26
09:46:55.602,233858,17.16,29.83,3.44
09:46:55.703,233959,18.04,29.80,3.65
09:46:55.804,234060,20.46,29.80,3.81
09:46:55.905,234161,20.46,30.07,3.81
09:46:56.006,234262,16.58,29.49,3.96
09:46:56.107,234363,16.54,30.68,4.19
09:46:56.208,234464,16.54,30.68,4.19
09:46:56.309,234565,16.54,31.84,4.35
09:46:56.410,234666,16.24,25.31,4.57
09:46:56.511,234767,16.08,25.31,4.57
09:46:56.613,234868,16.08,21.58,4.76
09:46:56.713,234969,15.94,26.12,4.99
09:46:56.814,235070,15.88,26.12,5.17
09:46:56.915,235171,15.88,31.03,5.17
09:46:57.016,235272,15.83,28.31,5.37
09:46:57.117,235373,15.83,25.96,5.61
09:46:57.218,235474,15.83,25.96,5.61
09:46:57.319,235575,17.50,32.25,5.74
09:46:57.420,235676,17.50,32.25,5.74
09:46:57.521,235777,15.41,32.25,5.74
09:46:57.622,235878,15.41,30.52,6.18
09:46:57.723,235979,18.05,31.74,6.32
09:46:57.824,236080,16.37,31.74,6.53
09:46:57.925,236181,16.37,27.58,6.53
09:46:58.027,236282,22.50,31.36,6.72
09:46:58.127,236383,15.13,32.20,6.91
09:46:58.228,236484,15.13,32.20,6.91
09:46:58.329,236585,15.58,30.46,7.09
09:46:58.430,236686,15.27,32.86,7.30
09:46:58.531,236787,24.49,32.86,7.49
09:46:58.632,236888,24.49,31.79,7.49
09:46:58.733,236989,14.74,29.79,7.66
09:46:58.834,237090,22.91,32.03,7.88
09:46:58.936,237191,22.91,32.03,7.88
09:46:59.036,237292,14.54,33.19,8.03
09:46:59.137,237393,23.40,32.34,8.16
09:46:59.238,237494,24.09,32.34,8.16
09:46:59.339,237595,24.09,32.43,8.46
09:46:59.440,237696,22.78,28.91,8.64
09:46:59.541,237797,14.27,28.91,8.83
09:46:59.642,237898,14.27,32.69,8.83
09:46:59.743,237999,22.72,33.14,8.92
09:46:59.845,238100,17.74,33.71,9.22
09:46:59.946,238201,17.74,33.71,9.22
09:47:00.046,238302,17.59,33.48,9.47
09:47:00.147,238403,23.67,33.21,9.53
09:47:00.248,238504,17.34,33.21,9.53
09:47:00.349,238605,17.34,33.51,9.64
09:47:00.451,238706,17.34,33.51,9.64
09:47:00.551,238807,13.72,33.51,10.05
09:47:00.653,238908,13.72,33.74,10.05
09:47:00.754,239009,13.71,32.16,10.29
09:47:00.855,239110,18.38,34.09,10.42
09:47:00.955,239211,18.38,34.09,10.42
09:47:01.057,239312,13.74,30.49,10.76
09:47:01.158,239413,16.57,26.75,10.77
09:47:01.259,239514,17.50,26.75,10.77
09:47:01.360,239615,17.50,30.58,11.01
09:47:01.461,239716,13.54,34.42,11.21
09:47:01.561,239817,13.53,34.42,11.34
09:47:01.663,239918,13.53,34.42,11.34
09:47:01.763,240019,13.53,34.42,11.34
09:47:01.864,240120,21.57,34.77,11.75
09:47:01.965,240221,21.57,34.77,11.75
09:47:02.066,240322,17.12,35.04,12.13
09:47:02.167,240423,20.53,35.12,12.43
09:47:02.268,240524,15.98,35.12,12.43
09:47:02.369,240625,15.98,31.54,12.50
09:47:02.471,240726,13.69,28.08,12.64
09:47:02.572,240827,16.52,28.08,12.71
09:47:02.672,240928,16.52,30.74,12.71
09:47:02.774,241029,12.70,35.17,12.63
09:47:02.874,241130,12.49,35.35,12.78
09:47:02.975,241231,12.49,35.35,12.78
09:47:03.076,241332,12.31,34.19,12.88
09:47:03.177,241433,12.17,35.11,12.91
09:47:03.279,241534,11.95,35.11,12.91
09:47:03.379,241635,11.95,34.33,12.97
09:47:03.480,241736,11.95,34.33,12.97
09:47:03.582,241837,11.59,34.33,13.02
09:47:03.683,241938,11.59,31.60,13.02
09:47:03.783,242039,11.40,35.07,13.09
09:47:03.884,242140,11.26,35.01,13.23
09:47:03.985,242241,11.26,35.01,13.23
09:47:04.086,242342,11.09,34.95,13.27
09:47:04.187,242443,10.94,34.97,13.20
09:47:04.288,242544,10.81,34.97,13.20
09:47:04.389,242645,10.81,34.94,13.22
09:47:04.491,242746,10.55,34.75,13.36
09:47:04.592,242847,10.48,34.75,13.41
09:47:04.693,242948,10.48,34.72,13.41
09:47:04.793,243049,10.15,34.70,13.39
09:47:04.894,243150,9.96,34.67,13.43
09:47:04.995,243251,9.96,34.67,13.43
09:47:05.096,243352,9.87,34.63,13.64
09:47:05.197,243453,9.69,35.05,13.65
09:47:05.298,243554,9.44,35.05,13.65
09:47:05.400,243655,9.44,34.93,13.73
09:47:05.500,243756,9.14,34.29,13.80
09:47:05.601,243857,9.14,34.32,13.88
09:47:05.702,243958,9.14,34.32,13.88
09:47:05.804,244059,9.14,34.27,13.93
09:47:05.904,244160,8.56,34.07,13.96
09:47:06.005,244261,8.45,34.07,13.96
09:47:06.107,244362,8.45,34.15,14.38
09:47:06.207,244463,8.19,27.57,14.84
09:47:06.308,244564,8.02,27.57,14.48
09:47:06.409,244665,8.02,34.14,14.48
09:47:06.510,244766,8.02,34.14,14.48
09:47:06.612,244867,7.69,27.38,14.57
09:47:06.712,244968,7.69,27.38,14.57
09:47:06.813,245069,7.48,33.97,15.15
09:47:06.914,245170,7.26,33.87,15.39
09:47:07.015,245271,7.12,33.87,15.39
09:47:07.116,245372,7.12,33.78,15.63
09:47:07.217,245473,6.97,32.80,14.92
09:47:07.318,245574,6.85,32.80,15.08
09:47:07.420,245675,6.85,33.74,15.08
09:47:07.521,245776,6.70,33.77,18.32
09:47:07.622,245877,6.53,33.72,18.32
09:47:07.723,245978,6.53,33.72,18.32
09:47:07.824,246079,6.27,29.96,18.32
09:47:07.925,246180,6.07,33.66,15.48
09:47:08.025,246281,5.90,33.66,15.48
09:47:08.126,246382,5.90,33.60,15.56
09:47:08.228,246483,5.71,33.56,15.80
09:47:08.329,246584,5.52,33.56,15.89
09:47:08.429,246685,5.52,30.75,15.89
09:47:08.531,246786,5.36,29.79,16.64
09:47:08.632,246887,5.16,33.42,16.30
09:47:08.732,246988,5.16,33.42,16.30
09:47:08.833,247089,4.97,33.57,16.35
09:47:08.935,247190,4.75,33.49,16.31
09:47:09.036,247291,4.64,33.49,16.31
09:47:09.136,247392,4.64,33.62,16.59
09:47:09.237,247493,4.47,33.82,21.45
09:47:09.338,247594,4.30,33.82,16.74
09:47:09.439,247695,4.30,34.23,16.74
09:47:09.540,247796,4.30,34.23,16.74
09:47:09.642,247897,3.87,33.44,17.17
09:47:09.743,247998,3.87,33.44,17.17
09:47:09.844,248099,3.75,33.51,26.55
09:47:09.944,248200,3.62,33.51,24.21
09:47:10.045,248301,3.40,33.51,24.21
09:47:10.146,248402,3.40,33.53,26.92
09:47:10.247,248503,3.21,33.48,26.79
09:47:10.349,248604,3.08,33.48,19.92
09:47:10.449,248705,3.08,33.65,19.92
09:47:10.551,248806,3.00,32.18,18.87
09:47:10.652,248907,2.83,31.24,17.69
09:47:10.753,249008,2.83,31.24,17.69
09:47:10.853,249109,2.99,33.38,18.00
09:47:10.955,249210,2.79,33.43,17.80
09:47:11.056,249311,2.83,33.43,17.80
09:47:11.157,249412,2.83,30.35,17.78
09:47:11.258,249513,2.80,33.15,17.94
09:47:11.359,249614,2.85,33.15,17.73
09:47:11.460,249715,2.85,33.12,17.73
09:47:11.561,249816,2.94,24.95,18.37
09:47:11.662,249917,3.12,24.80,17.52
09:47:11.763,250018,3.12,24.80,17.52
09:47:11.864,250119,3.12,24.69,17.50
09:47:11.964,250220,3.20,25.65,17.36
09:47:12.066,250321,3.30,25.65,17.36
09:47:12.166,250422,3.30,24.37,17.31
09:47:12.268,250523,3.45,24.19,17.17
09:47:12.369,250624,3.61,24.19,17.05
09:47:12.470,250725,3.61,24.19,17.05
09:47:12.571,250826,3.61,24.19,17.05
09:47:12.672,250927,3.96,23.67,16.87
09:47:12.773,251028,3.96,23.67,16.87
09:47:12.874,251129,4.11,23.56,16.67
09:47:12.975,251230,4.31,23.35,16.51
09:47:13.076,251331,4.47,23.35,16.40
09:47:13.177,251432,4.47,23.22,16.40
09:47:13.278,251533,4.68,23.05,16.33
09:47:13.379,251634,4.74,22.72,15.99
09:47:13.480,251735,4.74,22.72,15.99
09:47:13.581,251836,5.06,22.55,16.08
09:47:13.682,251937,5.06,22.55,16.08
09:47:13.783,252038,5.44,22.55,16.08
09:47:13.884,252139,5.44,22.00,15.81
09:47:13.985,252240,5.68,21.82,16.33
09:47:14.086,252341,5.81,21.82,15.55
09:47:14.187,252442,5.81,21.58,15.55
09:47:14.288,252543,6.01,21.42,15.53
09:47:14.389,252644,6.16,21.25,15.37
09:47:14.490,252745,6.16,21.25,15.37
09:47:14.591,252846,6.44,20.92,15.39
09:47:14.692,252947,6.65,20.69,15.22
09:47:14.793,253048,6.86,20.69,15.22
09:47:14.894,253149,6.86,20.47,15.19
09:47:14.995,253250,7.08,20.30,14.92
09:47:15.095,253351,7.27,20.30,15.03
09:47:15.197,253452,7.27,23.85,15.03
09:47:15.298,253553,7.48,20.30,14.91
09:47:15.399,253654,7.67,19.67,14.85
09:47:15.500,253755,7.67,19.67,14.85
09:47:15.601,253856,7.67,19.67,14.85
09:47:15.702,253957,8.15,19.34,14.63
09:47:15.803,254058,8.34,19.34,14.63
09:47:15.904,254159,8.34,19.11,17.60
09:47:16.005,254260,8.57,18.88,15.12
09:47:16.106,254361,8.76,18.88,14.45
09:47:16.207,254462,8.76,18.63,14.45
09:47:16.308,254563,8.76,18.63,14.45
09:47:16.409,254664,9.01,18.37,14.26
09:47:16.510,254765,9.01,18.37,14.26
09:47:16.611,254866,9.26,18.11,15.76
09:47:16.712,254967,9.54,17.92,15.30
09:47:16.813,255068,9.76,17.92,15.30
09:47:16.914,255169,9.76,17.70,14.55
09:47:17.015,255270,9.94,17.48,13.82
09:47:17.116,255371,10.09,17.48,13.71
09:47:17.217,255472,10.09,17.32,13.71
09:47:17.318,255573,10.32,17.07,13.78
09:47:17.419,255674,10.50,16.85,13.58
09:47:17.520,255775,10.50,16.85,13.58
09:47:17.621,255876,10.72,16.63,13.73
09:47:17.722,255977,10.96,16.42,13.52
09:47:17.823,256078,11.13,16.42,13.52
09:47:17.924,256179,11.13,16.27,13.50
09:47:18.025,256280,11.34,16.02,13.54
09:47:18.126,256381,11.56,16.02,13.35
09:47:18.227,256482,11.56,15.85,13.35
09:47:18.328,256583,11.71,15.65,13.18
09:47:18.429,256684,11.90,15.45,13.14
09:47:18.530,256785,11.90,15.45,13.14
09:47:18.631,256886,11.90,15.45,13.14
09:47:18.732,256987,12.23,15.03,13.30
09:47:18.833,257088,12.48,15.03,13.30
09:47:18.934,257189,12.48,14.80,13.31
09:47:19.035,257290,12.60,14.65,13.26
09:47:19.136,257391,12.73,14.65,13.21
09:47:19.237,257492,12.73,14.47,13.21
09:47:19.338,257593,12.92,14.34,16.75
09:47:19.439,257694,13.18,14.13,13.45
09:47:19.540,257795,13.18,14.13,13.45
09:47:19.641,257896,13.33,14.05,19.30
09:47:19.742,257997,13.57,13.82,12.96
09:47:19.843,258098,13.69,13.82,12.96
09:47:19.944,258199,13.69,13.58,12.78
09:47:20.045,258300,20.28,13.66,12.63
09:47:20.146,258401,13.74,13.56,12.56
09:47:20.247,258502,13.74,13.56,12.56
09:47:20.348,258603,13.72,13.62,12.37
09:47:20.449,258704,13.96,13.68,12.31
09:47:20.550,258805,13.98,13.68,12.31
09:47:20.651,258906,13.98,13.63,12.21
09:47:20.752,259007,13.99,13.69,11.98
09:47:20.853,259108,13.92,13.69,11.75
09:47:20.954,259209,13.92,13.75,11.75
09:47:21.055,259310,13.92,13.72,11.72
09:47:21.156,259411,14.04,13.82,11.46
09:47:21.257,259512,14.04,13.82,11.46
09:47:21.358,259613,14.07,13.83,11.42
09:47:21.459,259714,14.19,13.89,11.22
09:47:21.560,259815,14.19,13.89,11.22
09:47:21.661,259916,14.19,13.89,11.22
09:47:21.762,260017,14.27,13.87,10.81
09:47:21.863,260118,14.33,13.87,10.57
09:47:21.964,260219,14.33,13.97,10.57
09:47:22.065,260320,14.32,14.13,10.43
09:47:22.166,260421,14.44,14.22,10.28
09:47:22.267,260522,14.44,14.22,10.28
09:47:22.368,260623,14.48,14.22,10.07
09:47:22.469,260724,14.58,14.24,9.89
09:47:22.570,260825,14.58,14.24,9.89
09:47:22.671,260926,14.58,14.25,9.67
09:47:22.772,261027,14.75,14.32,9.43
09:47:22.873,261128,14.78,14.32,9.19
09:47:22.974,261229,14.78,14.48,9.19
09:47:23.075,261330,14.80,14.47,9.04
09:47:23.176,261431,14.84,14.56,8.83
09:47:23.277,261532,14.84,14.56,8.83
09:47:23.378,261633,14.94,14.60,8.60
09:47:23.479,261734,15.03,14.71,8.46
09:47:23.580,261835,15.19,14.71,8.46
09:47:23.681,261936,15.19,14.76,8.30
09:47:23.782,262037,25.56,14.86,8.13
09:47:23.883,262138,15.65,14.86,7.98
09:47:23.984,262239,15.65,14.97,7.98
09:47:24.085,262340,20.46,15.04,7.81
09:47:24.186,262441,20.77,15.10,7.76
09:47:24.287,262542,20.77,15.10,7.76
09:47:24.388,262643,21.90,15.17,7.65
09:47:24.489,262744,25.65,15.07,7.58
09:47:24.590,262845,25.65,15.07,7.58
09:47:24.691,262946,25.65,15.07,7.58
09:47:24.792,263047,16.89,15.15,7.46
09:47:24.893,263148,25.63,15.15,7.46
09:47:24.994,263249,25.63,15.14,7.46
09:47:25.095,263350,25.68,15.18,7.44
09:47:25.196,263451,24.37,15.16,7.41
09:47:25.297,263552,24.37,15.16,7.41
09:47:25.398,263653,25.66,15.17,7.39
09:47:25.499,263754,25.67,15.19,7.40
09:47:25.600,263855,25.69,15.19,7.40
09:47:25.701,263956,25.69,15.14,7.39
09:47:25.802,264057,25.68,15.19,7.40
09:47:25.903,264158,25.66,15.19,7.39
09:47:26.004,264259,25.66,15.18,7.39
09:47:26.105,264360,25.65,15.21,7.41
09:47:26.206,264461,20.64,15.20,7.40
09:47:26.307,264562,20.64,15.20,7.40
09:47:26.408,264663,25.64,15.18,7.40
09:47:26.509,264764,22.09,15.19,7.39
09:47:26.610,264865,22.12,15.19,7.39
09:47:26.711,264966,22.12,15.17,7.38
09:47:26.812,265067,24.33,15.18,7.39
09:47:26.913,265168,20.73,15.18,7.39
09:47:27.014,265269,20.73,15.21,7.39
09:47:27.115,265370,25.66,15.20,7.40
09:47:27.216,265471,24.79,15.16,7.40
09:47:27.317,265572,24.79,15.16,7.40
09:47:27.418,265673,24.76,15.16,7.37
09:47:27.519,265774,20.56,15.19,7.38
09:47:27.620,265875,20.56,15.19,7.38
09:47:27.721,265976,20.56,15.19,7.38
09:47:27.822,266077,20.60,15.21,7.38
09:47:27.923,266178,15.49,15.21,7.36
09:47:28.024,266279,15.49,15.21,7.36
09:47:28.125,266380,20.62,15.18,7.36
09:47:28.226,266481,15.52,15.18,7.37
09:47:28.327,266582,15.56,15.18,7.37
09:47:28.428,266683,15.56,15.19,7.36
09:47:28.529,266784,15.57,15.18,7.38
09:47:28.630,266885,20.61,15.18,7.37
09:47:28.731,266986,20.61,15.16,7.37
09:47:28.832,267087,20.60,15.17,7.38
09:47:28.933,267188,20.60,15.20,7.38
09:47:29.034,267289,20.60,15.20,7.38
09:47:29.135,267390,20.96,15.18,7.39
09:47:29.236,267491,23.02,15.19,7.40
09:47:29.337,267592,21.77,15.19,7.40
09:47:29.438,267693,21.77,15.18,7.36
09:47:29.539,267794,25.70,15.20,7.39
09:47:29.640,267895,25.67,15.20,7.39
09:47:29.741,267996,25.67,15.17,7.39
09:47:29.842,268097,25.62,15.20,7.36
09:47:29.943,268198,25.65,15.17,7.38
09:47:30.044,268299,25.65,15.17,7.38
09:47:30.145,268400,25.71,15.18,7.40
09:47:30.246,268501,25.66,15.16,7.38
09:47:30.347,268602,25.69,15.16,7.38
09:47:30.448,268703,25.69,15.18,7.38
09:47:30.549,268804,25.65,15.16,7.38
09:47:30.650,268905,25.65,15.16,7.38
09:47:30.751,269006,25.65,15.16,7.38
09:47:30.852,269107,25.63,15.20,7.38
09:47:30.953,269208,25.68,15.19,7.40
09:47:31.054,269309,25.68,15.19,7.40
09:47:31.155,269410,25.67,15.20,7.39
09:47:31.256,269511,25.65,15.21,7.38
09:47:31.357,269612,24.74,15.21,7.38
09:47:31.458,269713,24.74,15.22,7.39
09:47:31.559,269814,25.64,15.19,7.38
09:47:31.660,269915,25.67,15.19,7.39
09:47:31.761,270016,25.67,15.18,7.39
09:47:31.862,270117,24.75,15.19,7.40
09:47:31.963,270218,25.65,15.19,7.38
09:47:32.064,270319,25.65,15.19,7.38
09:47:32.165,270420,25.68,15.25,7.38
09:47:32.266,270521,25.69,15.22,7.38
09:47:32.367,270622,25.67,15.22,7.38
09:47:32.468,270723,25.67,15.18,7.38
09:47:32.569,270824,25.68,15.18,7.37
09:47:32.670,270925,25.65,15.18,7.37
09:47:32.771,271026,25.65,15.20,7.37
09:47:32.872,271127,25.65,15.21,7.38
09:47:32.973,271228,25.67,15.20,7.40
09:47:33.074,271329,25.67,15.20,7.40
09:47:33.175,271430,25.66,15.19,7.37
09:47:33.276,271531,25.64,15.22,7.38
09:47:33.377,271632,25.65,15.22,7.38
09:47:33.478,271733,25.65,15.26,7.39
09:47:33.579,271834,25.64,15.21,7.38
09:47:33.680,271935,25.64,15.21,7.38
09:47:33.781,272036,25.64,15.21,7.38
09:47:33.882,272137,25.64,15.20,7.38
09:47:33.983,272238,25.63,15.19,7.39
09:47:34.084,272339,25.63,15.19,7.39
09:47:34.185,272440,25.66,15.19,7.39
09:47:34.286,272541,25.63,15.22,7.38
09:47:34.387,272642,25.64,15.22,7.38
09:47:34.488,272743,25.64,15.24,7.38
09:47:34.589,272844,25.64,15.21,7.39
09:47:34.690,272945,25.66,15.22,7.38
09:47:34.791,273046,25.66,15.22,7.38
09:47:34.892,273147,24.44,15.22,7.38
09:47:34.993,273248,16.93,15.23,7.37
09:47:35.094,273349,15.60,15.23,7.37
09:47:35.195,273450,15.60,15.22,7.34
09:47:35.296,273551,15.52,15.26,7.30
09:47:35.397,273652,15.50,15.26,7.27
09:47:35.498,273753,15.50,15.30,7.27
09:47:35.599,273854,15.47,15.42,7.25
09:47:35.700,273955,15.42,15.39,7.23
09:47:35.801,274056,15.42,15.39,7.23
09:47:35.902,274157,17.09,15.46,7.23
09:47:36.003,274258,17.05,15.50,7.22
09:47:36.104,274359,21.84,15.50,7.22
09:47:36.205,274460,21.84,15.56,7.24
09:47:36.306,274561,15.35,15.53,7.30
09:47:36.407,274662,15.32,15.53,7.34
09:47:36.508,274763,15.32,15.61,7.34
09:47:36.609,274864,15.45,15.62,7.33
09:47:36.710,274965,15.45,15.62,7.33
09:47:36.811,275066,15.45,15.62,7.33
09:47:36.912,275167,20.62,15.65,7.35
09:47:37.013,275268,25.40,15.68,7.33
09:47:37.114,275369,25.34,15.68,7.33
09:47:37.215,275470,25.34,15.67,7.35
09:47:37.316,275571,22.69,15.64,7.35
09:47:37.417,275672,21.69,15.64,7.36
09:47:37.518,275773,21.69,15.67,7.36
09:47:37.619,275874,21.64,15.67,7.33
09:47:37.720,275975,24.42,15.66,7.36
09:47:37.821,276076,24.42,15.66,7.36
09:47:37.922,276177,25.34,15.64,7.32
09:47:38.023,276278,15.29,15.67,7.30
09:47:38.124,276379,15.26,15.67,7.30
09:47:38.225,276480,15.26,15.64,7.23
09:47:38.326,276581,20.72,15.61,7.25
09:47:38.427,276682,15.75,15.61,7.17
09:47:38.528,276783,15.75,15.57,7.17
09:47:38.629,276884,15.20,15.47,7.31
09:47:38.730,276985,15.20,15.48,7.28
09:47:38.831,277086,15.20,15.48,7.28
09:47:38.932,277187,15.37,15.49,7.13
09:47:39.033,277288,15.64,15.51,7.20
09:47:39.134,277389,15.56,15.51,7.20
09:47:39.235,277490,15.56,15.52,7.20
09:47:39.336,277591,15.19,15.52,7.19
09:47:39.437,277692,15.19,15.52,7.19
09:47:39.538,277793,15.19,15.52,7.19
09:47:39.639,277894,15.19,15.52,7.19
09:47:39.740,277995,15.19,15.52,7.19
09:47:39.841,278096,15.19,15.52,7.19
09:47:39.942,278197,20.77,15.45,7.27
09:47:40.043,278298,20.78,15.48,7.23
09:47:40.144,278399,20.78,15.48,7.23
09:47:40.245,278500,20.78,15.48,7.23
09:47:40.346,278601,20.78,15.48,7.23
09:47:40.447,278702,20.78,15.48,7.23
09:47:40.548,278803,20.78,15.48,7.23
09:47:40.649,278904,20.78,15.48,7.23
09:47:40.750,279005,3.74,15.48,7.27
09:47:40.851,279106,3.74,15.48,7.27
09:47:40.952,279207,3.74,15.48,7.27
09:47:41.053,279308,15.10,28.09,7.30
09:47:41.154,279409,15.05,28.09,7.30
09:47:41.255,279510,15.05,28.09,7.26
09:47:41.356,279611,15.09,26.37,7.31
09:47:41.457,279712,15.07,26.37,7.33
09:47:41.558,279813,15.07,26.37,7.33
09:47:41.659,279914,15.01,27.09,7.32
09:47:41.760,280015,15.06,27.13,7.36
09:47:41.861,280116,15.06,27.13,7.36
09:47:41.962,280217,15.03,27.13,7.33
09:47:42.063,280318,15.08,27.13,7.33
09:47:42.164,280419,15.03,27.13,7.34
09:47:42.265,280520,15.03,26.90,7.34
09:47:42.366,280621,15.05,26.97,7.31
09:47:42.467,280722,15.05,27.01,7.30
09:47:42.568,280823,15.05,27.01,7.30
09:47:42.669,280924,15.04,27.01,7.32
09:47:42.770,281025,15.04,27.01,7.32
09:47:42.871,281126,15.14,27.01,7.32
09:47:42.972,281227,15.14,26.40,7.34
09:47:43.073,281328,15.14,26.40,7.34
09:47:43.174,281429,15.12,26.40,7.35
09:47:43.275,281530,15.12,26.51,7.35
09:47:43.376,281631,15.07,25.94,7.33
09:47:43.477,281732,15.09,25.88,7.31
09:47:43.578,281833,15.09,25.88,7.31
09:47:43.679,281934,15.09,25.88,7.31
09:47:43.780,282035,15.14,25.88,7.33
09:47:43.881,282136,15.14,25.88,7.33
09:47:43.982,282237,15.14,25.92,7.36
09:47:44.083,282338,15.14,25.92,7.36
09:47:44.184,282439,15.06,25.92,7.27
09:47:44.285,282540,15.06,25.88,7.27
09:47:44.386,282641,15.01,29.34,7.36
09:47:44.487,282742,15.20,28.60,7.37
09:47:44.588,282843,15.20,28.60,7.37
09:47:44.689,282944,15.15,26.81,7.39
09:47:44.790,283045,14.99,28.40,7.45
09:47:44.891,283146,15.10,28.40,7.45
09:47:44.992,283247,15.10,25.81,7.46
09:47:45.093,283348,15.14,29.07,7.47
09:47:45.194,283449,15.09,29.07,7.54
09:47:45.295,283550,15.09,28.04,7.54
09:47:45.396,283651,15.14,26.64,7.52
09:47:45.497,283752,15.15,31.45,7.51
09:47:45.598,283853,15.15,31.45,7.51
09:47:45.699,283954,15.11,34.92,7.47
09:47:45.800,284055,15.11,34.92,7.47
09:47:45.901,284156,15.09,34.92,7.47
09:47:46.002,284257,15.09,35.65,7.48
09:47:46.103,284358,15.09,35.36,7.52
09:47:46.204,284459,15.09,35.36,7.49
09:47:46.305,284560,15.09,34.55,7.49
09:47:46.407,284661,15.07,36.02,7.47
09:47:46.507,284762,15.13,27.35,7.47
09:47:46.608,284863,15.13,27.35,7.47
