[16:36:23.182] 1350063,23.11,21.66,22.91,24.13,-0.51,10.04,5.33
[16:36:23.283] 1350164,23.10,21.65,22.91,24.13,-0.51,10.12,5.22
[16:36:23.386] 1350266,23.10,21.65,22.96,24.10,-0.39,10.04,4.94
[16:36:23.488] 1350368,23.10,21.69,22.94,24.14,-0.67,10.04,5.26
[16:36:23.590] 1350470,23.10,21.69,22.94,24.14,-0.47,10.00,5.18
[16:36:23.692] 1350573,23.10,21.69,22.94,24.14,-0.43,9.92,5.10
[16:36:23.795] 1350675,23.13,21.67,22.89,24.14,-0.12,9.96,5.92
[16:36:23.897] 1350777,23.13,21.67,22.89,24.15,0.31,11.02,5.14
[16:36:23.999] 1350879,23.16,21.67,22.93,24.09,0.00,10.08,4.35
[16:36:24.102] 1350982,23.18,21.67,22.93,24.09,-0.31,10.04,5.69
[16:36:24.204] 1351084,23.18,21.71,23.06,24.02,-0.86,10.32,3.96
[16:36:24.306] 1351187,8.85,21.82,22.95,24.11,-1.18,9.26,4.51
[16:36:24.409] 1351289,8.85,21.82,22.95,24.11,-0.16,10.00,4.20
[16:36:24.511] 1351391,20.19,21.72,23.02,24.04,-0.71,10.12,5.06
[16:36:24.611] 1351492,-5.54,21.73,23.02,24.04,-1.18,10.43,4.63
[16:36:24.713] 1351594,-5.54,21.73,22.84,23.93,-1.06,11.18,5.02
[16:36:24.816] 1351696,-5.49,21.76,22.94,24.06,-1.29,10.00,5.45
[16:36:24.919] 1351798,-5.49,21.76,22.94,24.06,-3.14,8.20,5.14
[16:36:25.020] 1351900,23.35,21.84,22.84,23.99,-2.31,10.79,1.92
[16:36:25.122] 1352002,23.35,21.84,22.84,23.99,-2.79,10.55,5.53
[16:36:25.224] 1352104,23.35,21.84,22.84,23.99,-1.88,9.18,2.08
[16:36:25.326] 1352206,23.36,21.89,22.76,23.90,-2.47,11.02,4.00
[16:36:25.429] 1352309,23.37,21.81,22.76,23.90,-1.96,10.94,4.16
[16:36:25.531] 1352410,23.37,21.81,22.69,23.94,-2.75,10.08,3.77
[16:36:25.633] 1352513,23.41,21.83,22.55,24.05,-2.79,10.28,1.57
[16:36:25.736] 1352615,23.41,21.83,22.55,24.05,-1.77,10.87,7.34
[16:36:25.837] 1352717,23.45,21.71,22.54,24.12,-0.51,9.57,3.22
[16:36:25.940] 1352820,23.54,21.67,22.61,24.12,-1.96,8.51,4.16
[16:36:26.042] 1352922,23.54,21.67,22.61,24.13,-2.24,9.26,3.73
[16:36:26.145] 1353024,23.68,21.59,22.44,24.05,-2.43,10.04,3.41
[16:36:26.247] 1353127,23.73,21.59,22.44,24.05,-3.53,11.81,5.33
[16:36:26.349] 1353229,23.73,21.48,22.44,24.13,-2.16,10.67,1.37
[16:36:26.451] 1353331,23.88,21.45,22.24,24.18,-2.98,10.24,2.82
[16:36:26.553] 1353434,23.88,21.45,22.24,24.18,-2.35,9.10,3.33
[16:36:26.656] 1353536,24.01,21.42,22.22,24.28,-1.41,8.04,2.79
[16:36:26.757] 1353637,24.14,21.30,22.22,24.28,-2.55,10.36,2.63
[16:36:26.858] 1353739,24.14,21.30,22.14,24.35,-3.10,12.04,3.37
[16:36:26.961] 1353841,24.26,21.22,22.05,24.40,-0.94,11.10,7.26
[16:36:27.063] 1353943,24.26,21.22,22.05,24.40,-2.16,10.24,0.82
[16:36:27.165] 1354045,24.26,21.22,22.05,24.40,-1.41,7.18,6.24
[16:36:27.267] 1354148,24.53,21.11,21.78,24.40,-1.61,9.14,1.84
[16:36:27.371] 1354251,24.53,21.11,21.78,24.50,-2.98,12.91,3.45
[16:36:27.474] 1354354,24.62,21.01,21.72,24.59,-1.06,9.34,5.84
[16:36:27.576] 1354457,24.78,21.01,21.72,24.59,-2.35,11.38,8.43
[16:36:27.678] 1354558,24.78,21.01,21.52,24.73,-0.16,10.59,3.30
[16:36:27.780] 1354660,24.84,21.01,21.49,24.80,-0.24,8.59,2.98
[16:36:27.882] 1354762,24.84,21.01,21.49,24.80,-1.57,10.59,0.24
[16:36:27.984] 1354864,24.98,-165.55,21.46,24.87,-1.77,12.40,1.02
[16:36:28.087] 1354967,25.12,20.77,21.39,24.87,-0.20,7.81,8.24
[16:36:28.190] 1355070,25.12,20.77,21.39,25.00,-1.53,8.87,3.92
[16:36:28.292] 1355172,25.12,20.77,21.32,25.09,-1.57,8.59,5.88
[16:36:28.394] 1355275,25.30,20.77,21.32,25.09,-2.47,10.00,3.96
[16:36:28.497] 1355377,25.30,20.71,21.21,25.13,-2.31,10.63,6.51
[16:36:28.599] 1355479,25.46,20.66,21.11,25.19,-1.96,9.45,6.59
[16:36:28.702] 1355582,25.46,20.66,21.11,25.19,-1.69,10.79,2.35
[16:36:28.803] 1355684,25.55,20.58,21.08,25.30,-0.78,7.92,3.84
[16:36:28.904] 1355785,25.64,20.55,21.08,25.30,-1.22,9.14,0.63
[16:36:29.007] 1355886,25.64,20.55,21.05,25.28,-2.90,11.34,3.84
[16:36:29.109] 1355989,25.74,20.47,21.02,25.45,-0.82,11.10,10.94
[16:36:29.212] 1356091,25.74,20.47,21.02,25.45,-2.04,10.67,2.28
[16:36:29.314] 1356193,25.90,20.49,20.97,25.56,-1.96,7.65,5.22
[16:36:29.416] 1356296,25.95,20.44,20.94,25.56,-1.22,9.38,3.14
[16:36:29.519] 1356399,25.95,20.44,20.94,25.65,-2.51,9.73,5.30
[16:36:29.620] 1356500,26.06,20.32,20.88,25.74,-2.90,11.30,11.81
[16:36:29.723] 1356603,26.10,20.32,20.88,25.74,-2.35,10.40,3.26
[16:36:29.824] 1356705,26.10,20.21,20.93,25.88,-2.47,6.24,3.80
[16:36:29.927] 1356807,26.25,183.94,21.07,26.02,-1.29,10.24,1.88
[16:36:30.030] 1356910,26.25,183.94,21.07,26.02,-2.47,11.49,0.31
[16:36:30.131] 1357011,25.99,20.21,20.98,25.97,-1.49,14.83,3.37
[16:36:30.234] 1357114,26.04,19.95,20.98,25.97,-0.94,9.30,-0.67
[16:36:30.336] 1357216,26.04,19.95,21.13,26.10,-1.69,9.02,3.92
[16:36:30.438] 1357318,26.09,19.83,21.19,26.27,-0.59,9.53,3.73
[16:36:30.541] 1357420,26.09,19.83,21.19,26.27,-1.77,11.38,2.39
[16:36:30.643] 1357523,26.09,19.83,21.19,26.27,-2.16,11.26,3.53
[16:36:30.746] 1357625,25.89,19.62,21.46,26.27,-2.47,9.53,9.57
[16:36:30.848] 1357728,25.89,19.62,21.46,26.55,-2.28,9.06,2.04
[16:36:30.950] 1357830,25.86,19.43,21.69,26.74,-3.02,6.59,4.28
[16:36:31.053] 1357933,25.70,19.29,21.69,26.74,-1.84,11.26,3.02
[16:36:31.155] 1358034,25.70,19.29,21.82,26.87,-3.14,11.49,2.43
[16:36:31.257] 1358137,25.52,19.10,22.01,27.04,-1.10,11.26,8.08
[16:36:31.360] 1358239,25.52,19.10,22.01,27.04,-2.24,7.92,-0.27
[16:36:31.462] 1358341,25.35,18.96,22.23,27.15,-1.26,9.81,5.41
[16:36:31.563] 1358444,25.18,18.76,22.44,27.15,-1.53,8.32,3.06
[16:36:31.666] 1358546,25.18,18.76,22.44,27.33,-3.96,12.98,4.24
[16:36:31.768] 1358648,25.00,18.51,22.54,27.48,-1.49,11.14,5.69
[16:36:31.870] 1358750,25.00,18.51,22.54,27.48,-2.55,9.06,1.26
[16:36:31.973] 1358853,25.00,18.51,22.54,27.48,-0.98,7.53,4.28
[16:36:32.076] 1358956,24.66,18.13,22.97,27.84,-1.22,10.47,2.31
[16:36:32.178] 1359058,24.66,18.13,22.97,27.84,-2.71,11.38,0.59
[16:36:32.280] 1359160,24.48,17.97,23.24,27.99,-0.90,14.32,5.14
[16:36:32.382] 1359263,24.28,17.66,23.24,27.99,-0.63,8.75,2.79
[16:36:32.485] 1359365,24.28,17.66,23.44,28.23,-1.53,8.83,5.22
[16:36:32.587] 1359467,24.11,17.45,23.63,28.41,-1.69,8.94,4.63
[16:36:32.690] 1359570,24.11,17.45,23.63,28.41,-3.18,12.43,2.75
[16:36:32.792] 1359672,23.90,17.20,23.87,28.62,-1.80,12.28,7.10
[16:36:32.894] 1359774,23.84,17.03,24.05,28.62,-2.63,8.98,4.24
[16:36:32.997] 1359877,23.84,17.03,24.05,28.82,-1.45,6.98,4.63
[16:36:33.098] 1359979,23.62,16.84,24.27,28.92,-1.18,10.43,3.26
[16:36:33.201] 1360081,23.44,16.84,24.27,28.92,-2.59,11.18,1.61
[16:36:33.303] 1360183,23.44,16.70,24.51,29.10,-1.33,14.79,2.51
[16:36:33.405] 1360286,23.31,16.58,24.69,29.23,-1.53,8.87,0.98
[16:36:33.508] 1360388,23.31,16.58,24.69,29.23,-2.04,9.92,5.10
[16:36:33.610] 1360490,23.16,16.41,24.92,29.44,-1.45,7.73,4.71
[16:36:33.713] 1360593,22.94,16.28,25.11,29.44,-3.22,11.53,4.16
[16:36:33.815] 1360695,22.94,16.28,25.11,29.53,-2.16,12.87,-2.51
[16:36:33.917] 1360797,22.77,16.38,25.18,29.65,-3.45,10.63,0.67
[16:36:34.019] 1360899,22.77,16.38,25.18,29.65,-2.51,7.02,8.20
[16:36:34.122] 1361002,22.77,16.38,25.18,29.65,-1.29,8.63,2.55
[16:36:34.224] 1361104,22.45,15.78,25.18,29.73,-2.24,11.34,1.57
[16:36:34.326] 1361206,22.45,15.78,25.18,29.73,-3.06,13.34,-1.73
[16:36:34.428] 1361308,22.30,15.83,25.53,29.87,-1.96,7.85,6.32
[16:36:34.529] 1361409,22.20,15.74,25.53,29.87,-1.29,9.92,3.30
[16:36:34.631] 1361511,22.20,15.74,25.57,29.86,-0.90,8.08,4.16
[16:36:34.733] 1361613,22.20,15.80,25.75,29.87,-0.90,10.36,0.08
[16:36:34.835] 1361715,22.20,15.80,25.75,29.87,-2.35,13.02,6.55
[16:36:34.937] 1361817,22.20,15.72,25.84,29.90,-1.53,10.75,2.86
[16:36:35.040] 1361919,21.77,15.74,25.91,29.90,-2.79,11.34,0.90
[16:36:35.142] 1362022,21.77,15.74,25.91,29.90,-1.18,8.59,4.20
[16:36:35.243] 1362123,21.77,15.74,25.99,29.89,-0.67,9.73,1.06
[16:36:35.346] 1362226,21.77,15.74,25.99,29.89,-2.51,12.00,2.71
[16:36:35.447] 1362327,21.77,15.74,25.99,29.89,-1.77,11.53,0.08
[16:36:35.548] 1362429,21.29,15.74,26.16,29.82,-1.45,8.59,7.26
[16:36:35.651] 1362531,21.29,15.74,26.16,29.82,-1.02,12.00,4.94
[16:36:35.752] 1362632,21.17,15.74,26.22,29.78,-1.69,8.16,7.26
[16:36:35.854] 1362734,20.91,15.74,26.22,29.78,-1.92,11.77,1.33
[16:36:35.956] 1362836,20.91,15.74,26.45,29.75,-2.75,10.83,4.63
[16:36:36.058] 1362938,20.80,15.74,26.57,29.66,-2.59,9.81,7.77
[16:36:36.160] 1363040,20.80,15.74,26.57,29.66,-1.77,9.38,2.75
[16:36:36.262] 1363142,20.59,16.06,26.60,29.64,-2.24,7.45,3.73
[16:36:36.365] 1363245,20.40,16.15,26.60,29.64,-1.88,11.06,1.69
[16:36:36.467] 1363348,20.40,16.15,26.60,29.57,-2.47,11.92,2.67
[16:36:36.569] 1363449,20.32,16.15,26.60,29.47,-1.06,9.92,10.12
[16:36:36.672] 1363552,20.13,16.15,26.60,29.47,-2.16,9.81,4.59
[16:36:36.774] 1363654,20.13,16.27,26.83,29.40,-1.88,8.12,5.41
[16:36:36.877] 1363756,19.95,16.39,26.89,29.31,-1.73,10.75,1.45
[16:36:36.979] 1363859,19.95,16.39,26.89,29.31,-2.98,12.24,5.06
[16:36:37.081] 1363961,19.89,16.34,26.94,29.29,-1.29,9.38,9.06
[16:36:37.182] 1364062,19.77,16.44,26.94,29.29,-1.84,8.63,0.12
[16:36:37.284] 1364164,19.77,16.44,26.95,29.14,-1.96,7.26,3.96
[16:36:37.386] 1364266,19.67,16.56,27.13,29.11,-2.00,10.67,2.31
[16:36:37.488] 1364368,19.67,16.56,27.13,29.11,-3.10,12.51,0.90
[16:36:37.590] 1364470,19.67,16.56,27.13,29.11,-1.18,12.51,10.04
[16:36:37.694] 1364573,19.49,16.70,27.23,28.91,-2.00,11.18,1.14
[16:36:37.795] 1364676,19.49,16.70,27.23,28.91,-2.12,7.92,5.45
[16:36:37.897] 1364777,19.32,16.83,27.37,28.87,-2.31,10.04,2.47
[16:36:38.000] 1364880,19.12,16.96,27.37,28.87,-2.75,11.73,2.39
[16:36:38.103] 1364982,19.12,16.96,27.40,28.82,-2.82,9.41,6.35
[16:36:38.204] 1365084,19.14,16.96,27.46,28.76,-2.24,8.59,1.80
[16:36:38.307] 1365186,19.14,16.96,27.46,28.76,-2.35,6.32,1.84
[16:36:38.408] 1365288,19.14,16.96,27.62,28.66,-2.35,10.79,1.80
[16:36:38.510] 1365390,18.85,17.33,27.66,28.66,-3.22,12.04,0.27
[16:36:38.613] 1365493,18.85,17.33,27.66,28.58,-1.80,10.59,8.98
[16:36:38.714] 1365595,18.85,17.41,27.60,28.51,-1.88,9.92,0.24
[16:36:38.817] 1365697,18.65,17.41,27.60,28.51,-1.73,7.34,3.96
[16:36:38.919] 1365799,18.65,17.57,27.71,28.39,-2.71,10.63,1.45
[16:36:39.022] 1365902,18.53,17.73,27.77,28.35,-3.80,11.92,3.73
[16:36:39.124] 1366004,18.53,17.73,27.77,28.35,-1.80,9.77,6.32
[16:36:39.226] 1366106,18.35,17.85,27.89,28.24,-2.00,8.28,0.63
[16:36:39.329] 1366209,18.23,18.01,27.89,28.24,-1.88,6.59,3.02
[16:36:39.431] 1366311,18.23,18.01,27.96,28.17,-2.51,10.40,0.86
[16:36:39.533] 1366413,18.01,18.10,27.99,28.10,-3.26,12.08,0.67
[16:36:39.636] 1366516,17.99,18.10,27.99,28.10,-0.67,12.00,12.12
[16:36:39.738] 1366618,17.99,18.27,28.08,27.98,-1.45,10.87,-2.82
[16:36:39.840] 1366720,18.00,18.44,28.14,27.98,-1.84,7.41,5.73
[16:36:39.943] 1366823,18.00,18.44,28.14,27.87,-2.12,8.94,1.29
[16:36:40.044] 1366925,17.81,18.65,28.22,27.78,-3.73,11.65,4.71
[16:36:40.145] 1367026,17.72,18.76,28.22,27.78,-3.02,11.14,5.84
[16:36:40.248] 1367127,17.72,18.76,28.23,27.79,-2.79,9.26,1.37
[16:36:40.350] 1367230,17.52,18.90,28.33,27.65,-1.73,6.67,3.22
[16:36:40.453] 1367332,17.52,18.90,28.33,27.65,-1.84,10.90,1.18
[16:36:40.555] 1367434,17.64,19.01,28.44,27.58,-3.69,10.79,0.98
[16:36:40.657] 1367537,17.46,19.18,28.53,27.58,-2.39,13.93,-0.63
[16:36:40.759] 1367639,17.46,19.18,28.53,27.55,-2.35,8.59,-1.33
[16:36:40.861] 1367741,17.40,19.40,28.56,27.46,-2.51,7.61,4.94
[16:36:40.963] 1367843,17.40,19.40,28.56,27.46,-2.24,7.73,4.04
[16:36:41.066] 1367946,17.40,19.40,28.56,27.46,-2.94,13.22,1.53
[16:36:41.168] 1368048,17.78,19.69,28.77,27.28,-2.71,14.04,-3.45
[16:36:41.271] 1368151,17.78,19.69,28.77,27.28,-4.00,9.57,0.63
[16:36:41.373] 1368253,17.88,19.85,28.71,27.20,-2.00,8.39,4.28
[16:36:41.474] 1368354,17.41,20.04,28.71,27.20,-1.84,8.59,1.45
[16:36:41.576] 1368456,17.41,20.04,28.79,27.12,-2.47,10.47,1.18
[16:36:41.678] 1368558,17.52,20.16,28.78,27.02,-2.82,11.22,0.47
[16:36:41.780] 1368660,17.52,20.16,28.78,27.02,-1.61,8.32,10.83
[16:36:41.883] 1368762,17.51,20.26,28.64,26.87,-2.28,9.18,-0.24
[16:36:41.985] 1368865,17.50,20.42,28.68,26.87,-2.51,7.77,3.92
[16:36:42.088] 1368968,17.50,20.42,28.68,26.81,-2.31,9.73,1.88
[16:36:42.189] 1369069,17.75,20.50,28.83,26.67,-2.98,10.20,3.69
[16:36:42.292] 1369172,17.81,20.50,28.83,26.67,-3.53,10.00,3.84
[16:36:42.394] 1369274,17.81,20.67,28.67,26.55,-2.31,9.30,4.08
[16:36:42.497] 1369376,17.84,20.71,28.93,26.41,-2.16,6.24,0.04
[16:36:42.599] 1369479,17.84,20.71,28.93,26.41,-3.45,10.63,0.12
[16:36:42.701] 1369581,17.89,20.85,28.91,26.33,-3.26,12.75,2.16
[16:36:42.802] 1369682,18.07,21.02,28.91,26.33,-0.59,12.12,6.51
[16:36:42.904] 1369784,18.07,21.02,28.69,26.13,-2.90,10.87,0.24
[16:36:43.006] 1369886,18.24,21.21,28.59,25.91,-2.04,8.12,3.84
[16:36:43.109] 1369989,18.46,21.21,28.59,25.91,-2.24,7.69,2.67
[16:36:43.210] 1370090,18.46,21.45,28.25,25.69,-3.96,12.79,2.28
[16:36:43.314] 1370193,18.54,21.56,28.06,25.51,-2.51,13.57,-1.61
[16:36:43.416] 1370296,18.54,21.56,28.06,25.51,-3.37,9.69,0.59
[16:36:43.518] 1370397,18.74,21.82,27.94,25.29,-1.49,6.63,3.92
[16:36:43.620] 1370500,19.00,21.92,27.94,25.29,-1.22,9.49,0.39
[16:36:43.722] 1370602,19.00,21.92,27.97,25.12,-3.10,10.71,0.51
[16:36:43.825] 1370704,19.14,22.02,27.81,24.94,-2.16,13.73,-3.53
[16:36:43.927] 1370807,19.14,22.02,27.81,24.94,-1.61,6.32,0.59
[16:36:44.029] 1370909,19.40,22.23,27.58,24.66,-2.00,8.00,2.82
[16:36:44.132] 1371012,19.55,22.43,27.38,24.66,-1.45,9.61,6.32
[16:36:44.234] 1371114,19.55,22.43,27.38,24.46,-3.10,11.73,-0.24
[16:36:44.336] 1371216,19.76,22.57,27.33,24.25,-3.06,13.42,-3.84
[16:36:44.438] 1371318,19.76,22.57,27.33,24.25,-3.92,10.08,-1.37
[16:36:44.539] 1371419,19.76,22.57,27.33,24.25,-1.18,7.57,4.28
[16:36:44.642] 1371521,20.13,22.93,26.94,23.84,-1.53,8.47,0.00
[16:36:44.744] 1371624,20.13,22.93,26.94,23.84,-3.02,10.71,0.78
[16:36:44.848] 1371727,20.30,23.06,26.81,23.67,-2.43,12.55,-1.22
[16:36:44.950] 1371830,20.55,23.28,26.74,23.67,-0.86,7.88,3.41
[16:36:45.052] 1371932,20.55,23.28,26.74,23.44,-1.49,8.47,5.06
[16:36:45.155] 1372034,20.76,23.40,26.55,23.23,-1.88,9.34,5.06
[16:36:45.257] 1372137,20.92,23.40,26.55,23.23,-2.35,11.10,4.43
[16:36:45.359] 1372239,20.92,23.59,26.37,23.00,-2.71,9.85,3.22
[16:36:45.461] 1372341,21.09,23.76,26.25,23.00,-2.28,10.90,8.00
[16:36:45.564] 1372444,21.09,23.76,26.25,22.80,-1.77,9.26,4.31
[16:36:45.666] 1372546,21.26,23.87,26.12,22.70,-2.00,6.98,2.04
[16:36:45.768] 1372649,21.45,23.99,26.12,22.70,-2.51,10.67,3.10
[16:36:45.871] 1372750,21.45,23.99,25.96,22.53,-2.67,11.49,3.65
[16:36:45.973] 1372853,21.62,24.09,25.77,22.37,-0.78,9.61,11.02
[16:36:46.076] 1372955,21.62,24.09,25.77,22.37,-1.84,9.49,2.24
[16:36:46.178] 1373057,21.77,24.17,25.65,22.18,-2.24,9.02,5.73
[16:36:46.280] 1373160,21.94,24.27,25.49,22.18,-1.49,9.69,4.82
[16:36:46.382] 1373262,21.94,24.27,25.49,22.10,-1.06,10.71,3.69
[16:36:46.484] 1373364,21.99,24.29,25.37,22.04,-2.75,11.10,8.79
[16:36:46.586] 1373467,22.07,24.29,25.37,22.04,-2.59,9.26,-0.67
[16:36:46.689] 1373569,22.07,24.31,25.28,22.05,-1.65,7.81,2.35
[16:36:46.792] 1373671,22.05,24.43,25.20,21.97,-1.53,10.87,2.63
[16:36:46.894] 1373774,22.05,24.43,25.20,21.97,-1.92,10.63,0.20
[16:36:46.995] 1373875,22.07,24.46,25.14,21.92,-2.55,10.40,1.41
[16:36:47.098] 1373978,22.16,24.35,25.14,21.92,-1.57,9.38,10.04
[16:36:47.201] 1374080,22.16,24.35,25.02,21.99,-2.20,10.20,-0.16
[16:36:47.303] 1374182,22.24,24.42,24.89,21.93,-2.39,7.57,2.12
[16:36:47.405] 1374285,22.24,24.42,24.89,21.93,-1.88,11.85,0.98
[16:36:47.507] 1374387,22.35,24.50,24.72,21.93,-3.37,11.49,5.41
[16:36:47.609] 1374490,22.50,24.45,24.51,21.93,-3.49,8.90,6.35
[16:36:47.712] 1374592,22.50,24.45,24.51,21.90,-2.86,9.06,-1.22
[16:36:47.814] 1374694,22.50,24.45,24.51,21.90,-1.88,8.04,2.43
[16:36:47.916] 1374796,22.50,24.45,24.51,21.90,-2.24,9.96,0.98
[16:36:48.017] 1374897,22.50,24.45,24.51,21.90,-3.61,10.04,0.94
[16:36:48.120] 1374999,22.64,24.11,24.28,22.00,-1.45,15.42,5.18
[16:36:48.222] 1375102,22.64,24.11,24.28,22.00,-1.84,10.28,1.29
[16:36:48.324] 1375204,22.74,24.01,24.14,22.02,-2.20,8.32,2.51
[16:36:48.426] 1375306,22.74,24.01,24.14,22.02,-2.00,8.87,3.30
[16:36:48.528] 1375407,22.74,24.01,24.14,22.02,-2.71,11.65,3.26
[16:36:48.629] 1375509,22.78,23.95,23.87,22.13,-2.24,13.02,-2.04
[16:36:48.732] 1375612,22.91,23.95,23.87,22.13,-3.33,8.67,5.10
[16:36:48.834] 1375714,22.91,23.70,23.91,22.22,-2.31,7.26,5.49
[16:36:48.936] 1375816,23.03,23.70,23.61,22.22,-2.12,9.06,2.67
[16:36:49.039] 1375919,23.03,23.70,23.61,22.32,-2.71,12.08,0.08
[16:36:49.141] 1376020,23.06,23.54,23.56,22.46,-1.69,16.51,4.31
[16:36:49.244] 1376123,23.08,23.42,23.56,22.46,-0.35,10.47,2.04
[16:36:49.345] 1376225,23.08,23.42,23.36,22.53,-1.92,7.73,1.33
[16:36:49.448] 1376328,23.10,23.31,23.39,22.57,-1.77,8.98,4.59
[16:36:49.550] 1376430,23.10,23.31,23.39,22.57,-3.92,11.73,3.77
[16:36:49.652] 1376532,23.29,23.12,23.28,22.63,-2.12,13.96,-4.20
[16:36:49.754] 1376634,23.30,23.12,23.08,22.63,-3.22,9.92,1.61
[16:36:49.855] 1376736,23.30,23.12,23.08,22.75,-1.14,8.47,4.20
[16:36:49.958] 1376838,23.30,23.12,22.99,22.86,-1.65,8.98,0.75
[16:36:50.061] 1376940,23.42,23.12,22.99,22.86,-3.30,10.71,0.90
[16:36:50.163] 1377042,23.42,22.82,22.95,22.89,-2.94,11.65,-1.84
[16:36:50.265] 1377145,23.46,22.74,22.85,22.99,-1.73,6.00,2.43
[16:36:50.367] 1377247,23.46,22.74,22.85,22.99,-1.45,9.02,4.35
[16:36:50.469] 1377349,23.62,22.62,22.60,23.06,-2.16,9.06,4.39
[16:36:50.572] 1377452,23.63,22.54,22.60,23.06,-3.77,11.34,1.84
[16:36:50.674] 1377554,23.63,22.54,22.60,23.19,-1.53,13.53,0.39
[16:36:50.776] 1377656,23.75,22.52,22.53,23.29,-3.45,9.49,2.63
[16:36:50.878] 1377759,23.75,22.52,22.53,23.29,-1.69,7.26,4.04
[16:36:50.981] 1377861,-6.01,22.45,22.51,23.37,-1.73,11.02,1.06
[16:36:51.084] 1377963,8.64,22.35,22.31,23.37,-2.63,11.41,-1.45
[16:36:51.186] 1378066,8.64,22.35,22.31,23.52,-2.67,13.18,-2.82
[16:36:51.288] 1378168,23.94,22.19,22.27,23.56,-1.53,6.94,1.41
[16:36:51.389] 1378269,23.94,22.19,22.27,23.56,-2.20,7.77,4.67
[16:36:51.493] 1378372,23.94,22.19,22.27,23.56,-2.51,9.61,5.22
[16:36:51.594] 1378475,9.78,21.93,22.05,23.69,-3.73,12.12,1.29
[16:36:51.698] 1378577,9.78,21.93,22.05,23.69,-2.51,11.53,-2.28
[16:36:51.799] 1378679,24.28,21.84,22.00,23.89,-2.86,8.04,-2.75
[16:36:51.902] 1378782,24.40,21.72,21.82,23.89,-1.29,6.71,2.71
[16:36:52.004] 1378884,24.40,21.72,21.82,24.07,-1.92,10.63,-1.26
[16:36:52.106] 1378986,24.52,21.65,21.64,24.17,-3.73,12.43,0.51
[16:36:52.209] 1379089,24.61,21.65,21.64,24.17,-0.63,14.16,4.08
[16:36:52.311] 1379191,24.61,21.46,21.72,24.23,-2.00,9.10,-2.31
[16:36:52.413] 1379293,24.74,21.41,21.65,24.30,-2.39,7.81,5.69
[16:36:52.516] 1379396,24.74,21.41,21.65,24.30,-2.24,9.65,1.33
[16:36:52.618] 1379497,24.91,21.35,21.60,24.38,-3.33,13.38,2.71
[16:36:52.720] 1379599,24.96,21.35,21.60,24.38,-1.53,11.06,7.41
[16:36:52.822] 1379702,24.96,21.35,21.47,24.51,-3.06,9.14,-0.35
[16:36:52.924] 1379804,25.11,21.11,21.27,24.78,-1.65,8.51,3.88
[16:36:53.026] 1379906,25.11,21.11,21.27,24.78,-2.31,9.10,1.26
[16:36:53.128] 1380008,25.16,21.09,21.23,24.84,-3.41,12.16,1.06
[16:36:53.231] 1380111,25.16,21.09,21.23,24.84,-1.14,12.12,10.28
[16:36:53.333] 1380212,25.16,21.09,21.23,24.84,-1.18,11.49,-8.00
[16:36:53.435] 1380314,25.16,21.09,21.23,24.84,-2.24,8.12,7.77
[16:36:53.537] 1380416,25.16,21.09,21.23,24.84,-2.20,8.87,1.84
[16:36:53.639] 1380518,25.16,20.77,21.23,25.26,-3.41,11.49,3.53
[16:36:53.741] 1380621,25.65,20.66,20.95,25.20,-3.02,9.81,5.49
[16:36:53.843] 1380723,25.65,20.66,20.95,25.20,-3.10,9.38,-0.39
[16:36:53.945] 1380825,25.73,20.72,21.00,25.32,-1.88,6.83,3.77
[16:36:54.048] 1380928,25.78,20.55,20.95,25.32,-2.51,9.77,0.12
[16:36:54.151] 1381030,25.78,20.55,20.95,25.41,-3.96,11.77,1.26
[16:36:54.253] 1381132,25.78,20.55,20.95,25.41,-2.08,10.24,7.96
[16:36:54.355] 1381235,25.92,20.55,20.95,25.41,-2.67,11.69,5.37
[16:36:54.457] 1381337,25.92,20.39,20.96,25.69,-2.35,6.90,4.86
[16:36:54.559] 1381439,25.95,20.36,20.96,25.69,-1.84,9.34,0.82
[16:36:54.662] 1381542,25.95,20.36,20.96,25.69,-2.71,12.04,3.73
[16:36:54.764] 1381643,25.96,20.27,20.85,25.91,-2.90,11.81,6.16
[16:36:54.865] 1381745,25.96,20.27,20.85,25.91,-3.33,9.34,-3.61
[16:36:54.968] 1381848,25.96,20.27,20.85,25.91,-1.37,7.88,4.98
[16:36:55.070] 1381950,26.07,20.01,21.49,26.21,-0.78,10.83,0.24
[16:36:55.173] 1382053,26.07,20.01,21.49,26.21,-3.41,11.49,-0.08
[16:36:55.275] 1382155,26.03,19.99,21.15,26.15,-2.20,8.67,10.32
[16:36:55.378] 1382257,25.93,19.83,21.20,26.15,-1.92,9.57,-0.08
[16:36:55.480] 1382360,25.93,19.83,21.20,26.30,-1.61,7.45,2.00
[16:36:55.582] 1382462,25.97,19.73,21.27,26.50,-1.65,11.65,0.00
[16:36:55.685] 1382565,25.89,19.58,21.27,26.50,-3.45,11.96,2.67
[16:36:55.787] 1382666,25.89,19.58,21.41,26.60,-2.55,11.69,5.49
[16:36:55.889] 1382769,25.80,19.52,21.55,26.77,-2.79,6.47,-1.18
[16:36:55.992] 1382871,25.80,19.52,21.55,26.77,-1.96,6.16,1.92
[16:36:56.093] 1382973,25.76,19.30,21.74,26.89,-2.59,11.22,2.16
[16:36:56.197] 1383076,25.58,19.23,21.91,26.89,-3.77,11.77,-0.12
[16:36:56.299] 1383178,25.58,19.23,21.91,27.05,-1.29,16.04,3.30
[16:36:56.401] 1383280,25.43,19.02,22.16,27.19,0.00,11.41,4.51
[16:36:56.503] 1383383,25.25,19.02,22.16,27.19,-1.88,7.22,8.47
[16:36:56.605] 1383485,25.25,18.81,22.29,27.38,-1.65,10.12,3.37
[16:36:56.705] 1383586,25.10,18.62,22.48,27.38,-3.37,13.38,3.10
[16:36:56.808] 1383688,25.10,18.62,22.48,27.55,-2.82,12.51,-1.02
[16:36:56.910] 1383790,24.92,18.45,22.70,27.74,-3.41,7.73,1.92
[16:36:57.012] 1383893,24.83,18.26,22.70,27.74,-1.29,7.45,1.14
[16:36:57.115] 1383994,24.83,18.26,22.93,27.92,-2.00,10.94,1.45
[16:36:57.217] 1384097,24.62,18.09,23.14,28.09,-2.94,11.18,-0.82
[16:36:57.320] 1384199,24.62,18.09,23.14,28.09,-1.96,12.16,-1.10
[16:36:57.422] 1384301,24.46,17.96,23.36,28.21,-1.88,6.51,0.67
[16:36:57.524] 1384404,24.27,17.70,23.58,28.21,-1.49,8.12,1.80
[16:36:57.626] 1384506,24.27,17.70,23.58,28.41,-2.04,8.63,4.24
[16:36:57.729] 1384608,24.07,17.45,23.75,28.60,-3.14,12.28,-0.39
[16:36:57.831] 1384711,23.90,17.45,23.75,28.60,-3.69,10.40,-4.16
[16:36:57.933] 1384813,23.90,17.32,23.93,28.73,-3.41,9.53,4.51
[16:36:58.035] 1384916,23.73,17.15,24.19,28.93,-1.37,9.34,3.96
[16:36:58.138] 1385018,23.73,17.15,24.19,28.93,-2.08,9.96,0.63
[16:36:58.240] 1385120,23.67,17.11,24.34,29.02,-3.06,9.81,0.63
[16:36:58.341] 1385221,23.67,17.11,24.34,29.02,-2.55,10.67,-1.84
[16:36:58.443] 1385323,23.67,17.11,24.34,29.02,-1.18,6.90,3.92
[16:36:58.545] 1385425,23.25,16.66,24.63,29.29,-1.33,11.73,3.33
[16:36:58.648] 1385527,23.25,16.66,24.63,29.29,-2.55,8.08,5.45
[16:36:58.750] 1385630,23.06,16.60,24.88,29.45,-3.37,11.92,3.30
[16:36:58.853] 1385732,22.92,16.26,25.00,29.45,-4.16,11.96,-5.02
[16:36:58.955] 1385835,22.92,16.26,25.00,29.55,-3.49,9.10,0.78
[16:36:59.057] 1385937,22.80,16.53,25.08,29.62,-1.77,5.10,2.00
[16:36:59.158] 1386038,22.58,15.92,25.08,29.62,-2.24,9.26,-1.73
[16:36:59.260] 1386139,22.58,15.92,25.21,29.63,-3.30,10.40,0.59
[16:36:59.362] 1386242,22.50,16.10,25.24,29.67,-2.08,15.53,5.49
[16:36:59.464] 1386344,22.50,16.10,25.24,29.67,-1.80,12.59,0.20
[16:36:59.566] 1386446,22.32,-6.32,25.45,29.62,-1.65,6.63,3.80
[16:36:59.667] 1386547,22.15,15.98,25.45,29.62,-0.82,10.51,0.47
[16:36:59.768] 1386648,22.15,15.98,25.53,29.68,-2.47,14.75,3.73
[16:36:59.870] 1386750,22.00,162.00,269.39,29.61,-2.71,11.45,2.31
[16:36:59.973] 1386852,21.83,162.00,269.39,29.61,-2.79,8.67,-3.18
[16:37:00.074] 1386954,21.83,162.00,25.67,29.62,-1.92,6.32,4.28
[16:37:00.176] 1387056,21.59,162.00,25.93,29.62,-1.80,10.43,-0.90
[16:37:00.277] 1387157,21.59,162.00,25.93,29.58,-2.90,11.96,0.71
[16:37:00.379] 1387258,21.49,16.22,26.01,29.55,-0.55,16.48,4.79
[16:37:00.481] 1387361,21.27,16.22,26.01,29.55,-0.86,10.83,3.61
[16:37:00.584] 1387464,21.27,16.22,26.02,29.47,-0.82,7.10,4.28
[16:37:00.686] 1387566,21.12,16.22,26.17,29.37,-2.16,9.53,3.45
[16:37:00.788] 1387668,21.12,16.22,26.17,29.37,-3.41,13.57,4.08
[16:37:00.892] 1387772,20.95,16.22,26.28,29.37,-1.84,10.47,4.94
[16:37:00.995] 1387874,20.73,16.29,26.19,29.37,-2.67,8.51,-0.08
[16:37:01.096] 1387976,20.73,16.29,26.19,29.27,-1.96,6.39,4.55
[16:37:01.199] 1388078,20.53,16.29,26.49,29.24,-1.57,11.85,0.75
[16:37:01.300] 1388180,20.47,16.29,26.49,29.24,-3.10,12.36,-0.63
[16:37:01.402] 1388282,20.47,16.29,26.48,29.19,-0.35,15.18,5.10
[16:37:01.504] 1388384,20.29,16.29,26.63,29.10,-1.10,10.59,0.98
[16:37:01.606] 1388486,20.29,16.29,26.63,29.10,-1.88,6.90,5.41
[16:37:01.708] 1388588,20.15,16.67,26.76,29.03,-1.73,10.28,2.08
[16:37:01.810] 1388690,20.15,16.67,26.76,29.03,-3.49,12.75,3.57
[16:37:01.913] 1388793,20.15,16.67,26.76,29.03,-2.16,10.83,8.67
[16:37:02.015] 1388894,20.15,16.67,26.92,28.89,-2.35,7.45,-3.22
[16:37:02.117] 1388997,20.15,16.67,26.92,28.89,-1.80,7.26,4.79
[16:37:02.219] 1389099,19.70,16.74,27.00,28.84,-2.00,11.65,0.98
[16:37:02.322] 1389201,19.57,16.95,27.05,28.84,-2.79,12.20,-0.55
[16:37:02.425] 1389304,19.57,16.95,27.05,28.75,-0.98,7.96,8.39
[16:37:02.526] 1389406,19.37,17.07,27.18,28.71,-1.18,9.22,4.16
[16:37:02.628] 1389508,19.29,17.07,27.18,28.71,-2.04,7.02,6.08
[16:37:02.730] 1389610,19.29,17.07,27.32,28.56,-3.18,11.85,2.00
[16:37:02.832] 1389712,19.15,17.28,27.41,28.54,-2.55,12.63,0.08
[16:37:02.935] 1389814,19.15,17.28,27.41,28.54,-3.77,9.34,5.61
[16:37:03.036] 1389916,18.95,17.28,27.43,28.48,-1.37,7.88,2.47
[16:37:03.137] 1390017,18.95,17.59,27.43,28.48,-1.88,6.43,1.84
[16:37:03.239] 1390119,18.95,17.59,27.56,28.37,-2.35,10.67,0.71
[16:37:03.341] 1390221,18.76,17.67,27.54,28.32,-2.28,14.63,-0.75
[16:37:03.443] 1390323,18.76,17.67,27.54,28.32,-0.94,8.39,5.10
[16:37:03.545] 1390426,18.74,17.87,27.76,28.17,-1.77,7.18,2.28
[16:37:03.648] 1390528,18.68,17.87,27.67,28.17,-2.20,7.53,7.49
[16:37:03.749] 1390629,18.68,17.87,27.67,28.10,-2.28,12.40,1.65
[16:37:03.850] 1390730,18.49,17.87,27.84,28.04,-2.98,10.40,0.67
[16:37:03.952] 1390832,18.49,17.87,27.84,28.04,-2.43,9.81,7.22
[16:37:04.054] 1390934,18.49,17.87,27.89,27.93,-1.18,8.83,2.08
[16:37:04.156] 1391037,18.44,18.37,28.00,27.87,-1.33,9.10,1.41
[16:37:04.259] 1391139,18.44,18.37,28.00,27.87,-2.55,10.83,1.26
[16:37:04.361] 1391241,18.35,18.60,28.05,27.78,-2.43,12.63,-2.43
[16:37:04.462] 1391342,18.19,18.81,28.05,27.78,-0.63,6.08,5.10
[16:37:04.564] 1391444,18.19,18.81,28.07,27.67,-1.61,9.65,-4.16
[16:37:04.666] 1391545,17.91,18.81,28.21,27.55,-1.92,9.49,2.59
[16:37:04.768] 1391647,17.91,18.81,28.21,27.55,-2.20,10.40,0.98
[16:37:04.870] 1391749,17.88,18.81,28.31,27.52,-3.02,12.98,-3.80
[16:37:04.971] 1391851,17.82,3.85,68.70,27.52,-2.67,9.38,3.26
[16:37:05.073] 1391953,17.82,3.85,68.70,27.47,-1.29,9.10,1.92
[16:37:05.175] 1392055,17.83,19.33,28.49,27.36,-1.61,9.69,1.14
[16:37:05.277] 1392157,17.83,19.33,28.49,27.36,-2.75,10.12,2.31
[16:37:05.380] 1392260,17.83,19.33,28.49,27.36,-2.98,11.41,-1.84
[16:37:05.483] 1392362,17.75,19.68,28.64,27.24,-0.27,8.04,5.41
[16:37:05.585] 1392465,17.75,19.68,28.64,27.24,-2.55,9.18,5.14
[16:37:05.689] 1392568,17.74,19.84,28.68,27.16,-2.55,9.10,3.73
[16:37:05.792] 1392671,17.58,19.94,28.67,27.16,-2.20,10.79,1.96
[16:37:05.893] 1392773,17.58,19.94,28.67,27.05,-2.12,12.36,2.24
[16:37:05.996] 1392875,17.47,20.05,28.66,26.99,-3.02,9.26,4.71
[16:37:06.099] 1392978,17.98,20.05,28.66,26.99,-3.49,8.51,-3.41
[16:37:06.200] 1393080,17.98,20.20,28.67,26.95,-2.24,7.37,4.16
[16:37:06.301] 1393181,17.75,20.31,28.69,26.95,-1.92,9.89,0.43
[16:37:06.404] 1393283,17.75,20.31,28.69,26.93,-3.18,11.18,-1.53
[16:37:06.505] 1393385,17.40,20.45,28.70,26.73,-3.10,16.28,1.88
[16:37:06.608] 1393488,17.67,20.60,28.70,26.73,-1.06,11.77,2.71
[16:37:06.710] 1393590,17.67,20.60,28.76,26.67,-2.71,6.83,1.02
[16:37:06.812] 1393692,17.75,20.73,28.64,26.51,-2.04,10.08,2.55
[16:37:06.915] 1393794,17.75,20.73,28.64,26.51,-2.00,10.04,5.37
[16:37:07.017] 1393897,17.92,20.82,28.76,26.45,-2.63,12.71,-6.04
[16:37:07.120] 1393999,17.88,20.92,28.84,26.45,-2.79,10.36,-0.12
[16:37:07.221] 1394101,17.88,20.92,28.84,26.45,-2.47,6.04,0.90
[16:37:07.324] 1394203,17.94,20.99,28.92,26.29,-1.06,10.36,0.04
[16:37:07.426] 1394306,18.08,20.99,28.92,26.29,-3.33,12.32,-2.82
[16:37:07.528] 1394408,18.08,21.08,28.76,26.14,-2.20,13.42,-2.71
[16:37:07.631] 1394510,18.29,21.23,28.56,25.85,-1.37,7.49,4.63
[16:37:07.733] 1394613,18.29,21.23,28.56,25.85,-2.20,5.69,3.65
[16:37:07.835] 1394714,18.52,21.54,28.33,25.63,-2.28,9.49,4.86
[16:37:07.938] 1394817,18.71,21.69,28.33,25.63,-3.77,14.79,1.26
[16:37:08.040] 1394919,18.71,21.69,28.34,25.36,-1.77,9.92,6.98
[16:37:08.142] 1395021,18.97,21.88,28.02,25.15,-2.51,7.85,1.92
[16:37:08.244] 1395124,18.97,21.88,28.02,25.15,-0.82,6.39,3.77
[16:37:08.347] 1395226,19.26,22.07,27.82,24.85,-1.53,13.14,-1.18
[16:37:08.449] 1395328,19.45,22.27,27.67,24.85,-2.75,12.12,-1.61
[16:37:08.552] 1395431,19.45,22.27,27.67,24.60,-0.71,8.63,3.61
[16:37:08.653] 1395533,19.73,22.48,27.47,24.29,-1.29,8.16,2.43
[16:37:08.755] 1395635,19.73,22.48,27.47,24.29,-2.28,7.69,6.63
[16:37:08.856] 1395736,19.73,22.48,27.47,24.29,-3.65,12.00,3.73
[16:37:08.958] 1395838,20.26,22.94,26.99,23.81,-1.77,11.69,9.61
[16:37:09.061] 1395941,20.26,22.94,26.99,23.81,-1.18,8.87,2.28
[16:37:09.163] 1396043,20.47,23.07,26.72,23.52,-1.18,6.28,3.57
[16:37:09.266] 1396145,20.69,23.22,26.52,23.52,-1.88,11.69,-0.47
[16:37:09.367] 1396247,20.69,23.22,26.52,23.36,-2.55,14.44,0.47
[16:37:09.469] 1396349,20.94,23.22,26.18,23.08,-2.67,8.55,-3.77
[16:37:09.572] 1396451,20.94,23.22,26.18,23.08,-2.24,8.08,3.37
[16:37:09.673] 1396553,20.94,23.22,25.96,22.91,-1.69,8.75,4.71
[16:37:09.776] 1396656,21.39,23.63,25.79,22.77,-2.55,11.38,3.69
[16:37:09.878] 1396758,21.39,23.63,25.79,22.77,-2.82,12.98,8.94
[16:37:09.980] 1396860,21.50,23.78,25.56,22.59,-2.00,7.96,5.06
[16:37:10.083] 1396963,21.72,23.83,25.56,22.59,-1.80,5.96,3.33
[16:37:10.186] 1397065,21.72,23.83,25.34,22.61,-1.65,13.65,-2.08
[16:37:10.287] 1397167,21.73,23.84,25.24,22.50,-2.31,16.36,8.79
[16:37:10.390] 1397269,21.73,23.84,25.24,22.50,-1.69,10.55,-0.35
[16:37:10.492] 1397371,22.03,23.81,25.03,22.44,-1.41,8.00,4.82
[16:37:10.594] 1397474,22.11,23.83,24.78,22.44,-2.16,8.94,4.51
[16:37:10.696] 1397576,22.11,23.83,24.78,22.46,-2.24,12.98,4.71
[16:37:10.798] 1397678,22.21,-231.04,24.61,22.41,-2.43,9.96,6.79
[16:37:10.901] 1397780,22.28,-231.04,24.61,22.41,-0.12,9.49,3.10
[16:37:11.003] 1397883,22.28,23.83,24.46,22.37,-0.98,6.24,1.02
[16:37:11.106] 1397985,22.46,23.73,24.28,22.39,-3.02,12.47,-2.12
[16:37:11.208] 1398088,22.46,23.73,24.28,22.39,-1.26,15.85,4.79
[16:37:11.310] 1398189,22.59,23.66,23.98,22.45,-0.94,8.00,2.16
[16:37:11.412] 1398292,22.70,23.48,23.87,22.45,-1.10,7.14,1.49
[16:37:11.515] 1398394,22.70,23.48,23.87,22.46,-2.24,9.85,3.41
[16:37:11.616] 1398496,22.89,23.48,23.66,22.39,-1.61,13.89,2.55
[16:37:11.719] 1398599,22.86,23.48,23.66,22.39,-2.20,9.34,7.81
[16:37:11.820] 1398700,22.86,23.48,23.57,22.61,0.16,10.28,3.77
[16:37:11.923] 1398803,23.13,23.18,23.27,22.71,-1.45,6.67,4.12
[16:37:12.026] 1398905,23.13,23.18,23.27,22.71,-1.53,13.42,-0.43
[16:37:12.127] 1399007,23.31,23.18,23.21,22.68,-0.39,14.71,9.22
[16:37:12.229] 1399109,23.31,23.18,23.21,22.68,-0.47,8.16,-1.96
[16:37:12.330] 1399210,23.31,23.18,23.21,22.68,-0.59,8.04,5.14
[16:37:12.432] 1399312,23.53,22.86,22.79,22.98,-4.28,12.04,2.63
[16:37:12.535] 1399415,23.53,22.86,22.79,22.98,-1.14,14.12,0.78
[16:37:12.637] 1399517,23.58,22.77,22.72,23.06,-2.63,10.04,1.02
[16:37:12.740] 1399619,23.67,22.69,22.60,23.06,0.00,6.32,3.65
[16:37:12.843] 1399722,23.67,22.69,22.60,23.14,-2.75,9.18,-0.63
[16:37:12.944] 1399824,23.78,22.56,22.49,23.29,-0.39,16.63,0.12
[16:37:13.047] 1399926,9.42,22.56,22.49,23.29,-0.35,10.28,1.80
[16:37:13.149] 1400028,9.42,22.37,22.38,23.49,-1.45,7.18,2.94
[16:37:13.251] 1400131,12.60,22.20,22.18,23.56,-0.98,10.24,5.81
[16:37:13.353] 1400233,12.60,22.20,22.18,23.56,-3.73,13.22,4.43
[16:37:13.455] 1400335,24.14,22.20,22.00,23.69,-1.26,11.57,6.32
[16:37:13.557] 1400437,24.14,22.20,22.00,23.69,-1.92,7.49,1.06
[16:37:13.659] 1400539,24.14,22.20,22.08,23.82,-0.08,6.51,4.59
[16:37:13.761] 1400641,24.27,21.79,21.83,23.99,-1.92,12.28,0.47
[16:37:13.864] 1400744,24.43,21.79,21.83,23.99,-0.90,16.67,8.51
[16:37:13.966] 1400845,24.43,21.62,21.80,24.16,-1.26,8.00,-0.51
[16:37:14.068] 1400948,24.58,21.62,21.72,24.16,-0.90,8.39,2.08
[16:37:14.169] 1401049,24.58,21.62,21.72,24.30,-1.73,9.89,4.35
[16:37:14.270] 1401150,24.79,21.25,21.59,24.41,-2.55,11.96,3.96
[16:37:14.373] 1401253,24.97,21.06,21.59,24.41,-2.63,12.63,7.14
[16:37:14.475] 1401355,24.97,21.06,21.44,24.55,0.04,7.77,3.45
[16:37:14.578] 1401457,25.06,20.96,21.43,24.74,-1.06,8.08,2.35
[16:37:14.681] 1401560,25.06,20.96,21.43,24.74,-2.24,12.04,-1.29
[16:37:14.782] 1401662,25.21,20.96,21.22,24.98,-0.86,12.79,9.34
[16:37:14.884] 1401764,25.21,20.96,21.22,24.98,-1.45,10.08,-1.29
[16:37:14.986] 1401866,25.21,20.96,21.22,25.12,-1.14,6.16,4.51
[16:37:15.088] 1401968,25.50,20.77,21.12,25.27,-3.45,7.49,3.33
[16:37:15.190] 1402070,25.65,20.77,21.12,25.27,-4.00,11.41,4.39
[16:37:15.293] 1402172,25.65,-15.37,21.00,25.23,-4.31,10.75,6.79
[16:37:15.395] 1402275,25.74,20.55,20.95,25.36,-0.43,8.12,7.10
[16:37:15.498] 1402377,25.74,20.55,20.95,25.36,-0.71,7.49,1.41
[16:37:15.599] 1402479,25.79,20.46,21.03,25.49,-1.57,13.02,0.43
[16:37:15.703] 1402582,25.79,20.46,21.03,25.49,-1.65,15.26,11.06
[16:37:15.804] 1402684,25.79,20.46,21.03,25.49,-0.78,12.24,3.77
[16:37:15.906] 1402786,25.83,20.37,21.02,25.88,-2.43,3.26,3.57
[16:37:16.008] 1402888,25.83,20.37,21.02,25.88,-3.65,8.63,4.75
[16:37:16.111] 1402990,25.86,20.10,21.03,26.02,-2.43,15.26,-4.28
[16:37:16.213] 1403093,25.86,20.00,21.16,26.02,-4.51,11.30,-0.71
[16:37:16.316] 1403196,25.86,20.00,21.16,26.19,-0.98,5.53,6.98
[16:37:16.418] 1403297,25.89,19.91,21.20,26.27,-0.55,10.75,-1.41
[16:37:16.520] 1403400,25.90,19.68,21.20,26.27,-2.39,15.65,-2.12
[16:37:16.622] 1403502,25.90,19.68,21.42,26.38,-0.24,9.61,9.73
[16:37:16.725] 1403605,25.69,19.49,21.55,26.60,-1.65,10.20,4.94
[16:37:16.828] 1403707,25.69,19.49,21.55,26.60,-1.77,9.10,4.82
[16:37:16.930] 1403809,25.69,19.25,21.76,26.84,-0.94,11.45,3.41
[16:37:17.032] 1403912,25.53,19.07,21.94,26.84,-2.82,6.75,3.26
[16:37:17.134] 1404013,25.53,19.07,21.94,27.06,-2.51,11.38,3.10
[16:37:17.236] 1404116,25.41,18.92,22.21,27.06,0.08,8.90,4.71
[16:37:17.337] 1404217,25.41,18.92,22.21,27.06,-2.35,7.10,1.84
[16:37:17.440] 1404320,25.41,18.92,22.21,27.06,-1.65,16.24,0.16
[16:37:17.543] 1404422,25.04,18.52,22.68,27.70,-0.27,9.49,13.96
[16:37:17.645] 1404525,25.04,18.52,22.68,27.70,-0.86,11.49,0.47
[16:37:17.748] 1404628,24.91,18.20,22.89,27.92,-1.37,7.96,6.04
[16:37:17.851] 1404731,24.73,17.98,22.89,27.92,-2.94,10.67,3.10
[16:37:17.953] 1404833,24.73,17.98,23.16,28.16,-2.04,11.69,-4.24
[16:37:18.056] 1404935,24.51,17.61,23.42,28.31,-2.86,8.51,4.35
[16:37:18.159] 1405038,24.32,17.61,23.42,28.31,-0.71,5.77,2.63
[16:37:18.260] 1405140,24.32,17.60,23.64,28.53,-1.53,12.24,-0.47
[16:37:18.363] 1405242,24.12,17.51,23.77,28.53,-1.57,13.26,-2.71
[16:37:18.466] 1405345,24.12,17.51,23.77,28.67,-1.41,7.06,3.96
[16:37:18.567] 1405447,23.86,17.08,23.99,28.87,-0.35,10.12,1.80
[16:37:18.670] 1405550,23.61,17.20,23.99,28.87,-1.41,9.14,6.71
[16:37:18.772] 1405651,23.61,17.20,24.20,29.07,-2.55,11.34,5.22
[16:37:18.874] 1405754,23.46,16.77,24.51,29.18,-1.96,14.75,0.12
[16:37:18.976] 1405856,23.46,16.77,24.51,29.18,-1.14,9.81,4.98
[16:37:19.078] 1405958,23.21,16.47,24.63,29.32,-2.16,3.06,3.69
[16:37:19.180] 1406060,23.21,16.47,24.63,29.32,-1.77,13.53,1.37
[16:37:19.282] 1406161,23.21,16.47,24.63,29.32,-1.88,12.12,-1.49
[16:37:19.384] 1406263,22.80,16.04,25.02,29.44,-2.47,7.02,9.57
[16:37:19.486] 1406366,22.53,16.04,25.02,29.44,-0.16,10.04,2.12
[16:37:19.588] 1406468,22.53,16.00,25.26,29.50,-1.84,6.71,5.61
[16:37:19.691] 1406570,22.33,16.00,25.44,29.50,-1.92,12.59,5.37
[16:37:19.793] 1406672,22.33,16.00,25.44,29.60,-2.08,12.63,8.24
[16:37:19.894] 1406774,22.33,16.00,25.52,29.62,-0.71,9.49,3.02
[16:37:19.997] 1406877,21.92,16.01,25.52,29.62,-2.00,6.00,3.22
[16:37:20.099] 1406978,21.92,16.01,25.76,29.61,-1.96,12.83,-2.28
[16:37:20.201] 1407081,21.72,16.07,25.77,29.61,-0.51,15.34,3.10
[16:37:20.304] 1407183,21.72,16.07,25.77,29.61,-1.29,5.41,3.53
[16:37:20.406] 1407285,21.55,16.20,25.85,29.49,-0.55,8.36,2.43
[16:37:20.508] 1407388,21.36,16.29,26.03,29.49,-1.92,12.51,5.84
[16:37:20.610] 1407490,21.36,16.29,26.03,29.46,-2.63,11.34,5.53
[16:37:20.712] 1407592,21.16,16.34,26.24,29.39,-2.86,10.51,5.06
[16:37:20.815] 1407695,20.95,16.34,26.24,29.39,-0.12,8.83,2.75
[16:37:20.917] 1407796,20.95,16.34,26.26,29.36,-2.43,5.37,4.00
[16:37:21.019] 1407899,20.68,16.50,26.49,29.28,-1.41,14.24,1.61
[16:37:21.122] 1408001,20.68,16.50,26.49,29.28,0.00,16.40,8.24
[16:37:21.224] 1408103,20.58,16.61,26.59,29.15,-0.71,7.88,2.12
[16:37:21.326] 1408206,20.39,16.74,26.59,29.15,-0.55,9.06,3.26
[16:37:21.429] 1408308,20.39,16.74,26.64,28.98,-1.65,11.69,3.57
[16:37:21.531] 1408410,20.18,16.82,26.63,28.93,-1.88,10.32,2.20
[16:37:21.632] 1408512,20.18,16.82,26.63,28.93,-2.63,10.12,4.51
[16:37:21.734] 1408614,20.05,16.82,26.87,28.86,0.08,8.00,3.84
[16:37:21.836] 1408716,19.83,16.82,27.01,28.86,-1.53,9.22,2.35
[16:37:21.938] 1408817,19.83,16.82,27.01,28.88,-1.80,12.08,-0.08
[16:37:22.039] 1408918,19.71,16.82,27.03,28.70,0.16,13.38,11.45
[16:37:22.141] 1409020,19.53,16.82,27.03,28.70,0.16,9.06,1.92
[16:37:22.242] 1409122,19.53,16.82,27.09,28.59,-1.22,8.51,6.00
[16:37:22.344] 1409224,19.33,16.82,27.29,28.56,-2.31,12.20,4.20
[16:37:22.447] 1409326,19.33,16.82,27.29,28.56,-1.73,12.83,-0.55
[16:37:22.550] 1409429,19.25,16.82,27.47,28.50,-2.51,10.32,4.28
[16:37:22.651] 1409531,19.25,16.82,27.47,28.50,-0.51,5.18,2.90
[16:37:22.753] 1409632,19.25,16.82,27.47,28.50,-1.18,12.00,-1.29
[16:37:22.855] 1409734,18.91,17.52,27.69,28.39,-2.35,11.10,1.10
[16:37:22.958] 1409837,18.91,17.52,27.69,28.39,-0.59,11.81,5.65
[16:37:23.059] 1409939,18.69,17.91,27.70,28.25,-1.18,9.96,3.02
[16:37:23.162] 1410041,18.58,17.84,27.81,28.25,-0.67,8.43,6.00
[16:37:23.265] 1410144,18.58,17.84,27.81,28.21,-2.67,13.06,3.30
[16:37:23.367] 1410246,18.44,17.89,27.91,28.17,-2.00,12.20,0.59
[16:37:23.468] 1410348,18.23,120.55,27.91,28.17,-2.59,7.81,3.61
[16:37:23.571] 1410450,18.23,120.55,28.07,28.10,0.12,9.38,3.30
[16:37:23.672] 1410552,18.19,18.38,28.10,27.96,-1.65,8.59,2.71
[16:37:23.776] 1410655,18.19,18.38,28.10,27.96,-2.04,13.93,0.98
[16:37:23.877] 1410757,18.03,18.52,28.28,27.89,-0.39,16.20,10.40
[16:37:23.980] 1410859,18.03,18.70,28.31,27.89,-0.47,8.98,3.49
[16:37:24.082] 1410961,18.03,18.70,28.31,27.75,-0.86,7.77,3.73
[16:37:24.185] 1411064,17.85,18.92,28.30,27.64,-1.80,11.92,4.20
[16:37:24.287] 1411166,17.68,18.92,28.30,27.64,-1.73,11.14,2.98
[16:37:24.389] 1411268,17.68,19.14,28.38,27.55,-1.45,8.51,6.28
[16:37:24.491] 1411371,17.66,19.28,28.55,27.45,-1.53,8.12,1.84
[16:37:24.594] 1411473,17.66,19.28,28.55,27.45,-2.16,7.73,3.49
[16:37:24.695] 1411575,17.87,19.53,28.67,27.36,-1.45,13.02,1.80
[16:37:24.798] 1411678,17.57,19.72,28.67,27.36,0.00,17.14,10.51
[16:37:24.901] 1411780,17.57,19.72,28.62,27.29,-1.92,7.81,1.77
[16:37:25.003] 1411882,17.50,19.94,28.80,27.11,-2.31,4.24,4.98
[16:37:25.105] 1411985,17.88,19.94,28.80,27.11,-2.39,12.36,4.35
[16:37:25.207] 1412087,17.88,20.09,28.87,27.06,-1.41,10.43,2.51
[16:37:25.310] 1412189,17.85,20.28,28.89,27.06,-3.96,8.67,3.80
[16:37:25.413] 1412292,17.85,20.28,28.89,26.90,-0.35,9.38,7.02
[16:37:25.516] 1412395,17.65,20.47,28.89,26.85,0.12,9.18,3.37
[16:37:25.619] 1412498,17.72,20.56,28.89,26.85,-0.20,12.16,-0.39
[16:37:25.721] 1412600,17.72,20.56,28.80,26.73,-0.35,14.91,6.20
[16:37:25.823] 1412702,17.83,20.70,28.68,26.49,-0.51,10.83,2.08
[16:37:25.925] 1412805,17.83,20.70,28.68,26.49,-1.41,6.08,3.80
[16:37:26.027] 1412906,17.95,20.87,28.46,26.30,-1.92,11.38,4.94
[16:37:26.129] 1413008,17.95,20.87,28.46,26.30,-1.18,10.83,8.71
[16:37:26.230] 1413110,17.95,20.87,28.46,26.30,-2.79,9.53,3.84
[16:37:26.332] 1413212,18.11,21.16,28.72,26.01,-0.67,8.63,5.49
[16:37:26.435] 1413314,18.30,21.16,28.72,26.01,-1.22,6.90,3.53
[16:37:26.537] 1413416,18.30,21.28,28.72,25.78,-0.55,12.94,-0.94
[16:37:26.638] 1413518,18.30,21.54,28.72,25.64,0.04,15.18,1.57
[16:37:26.741] 1413621,18.30,21.54,28.72,25.64,-0.94,6.98,1.96
[16:37:26.843] 1413722,18.73,21.70,28.26,25.41,-0.27,10.32,5.30
[16:37:26.946] 1413825,18.94,21.90,28.26,25.41,-1.45,9.14,3.53
[16:37:27.048] 1413927,18.94,21.90,28.08,25.16,-2.12,11.85,4.59
[16:37:27.150] 1414029,19.18,22.07,27.82,24.92,-1.29,11.65,8.04
[16:37:27.253] 1414132,19.34,22.07,27.82,24.92,-0.27,8.75,4.55
[16:37:27.354] 1414234,19.34,22.25,27.66,24.68,-0.55,5.41,3.33
[16:37:27.457] 1414336,19.53,22.32,27.36,24.68,-0.12,13.93,0.75
[16:37:27.560] 1414439,19.53,22.32,27.36,24.54,0.16,12.20,5.10
[16:37:27.661] 1414541,19.79,22.49,27.19,24.27,0.71,9.34,0.55
[16:37:27.764] 1414644,20.05,22.77,27.19,24.27,-1.06,7.73,8.71
[16:37:27.866] 1414745,20.05,22.77,27.01,23.98,-2.67,10.16,5.22
[16:37:27.968] 1414848,20.38,22.77,26.84,23.74,-3.45,10.40,2.79
[16:37:28.070] 1414950,20.38,22.77,26.84,23.74,-2.39,12.08,10.00
[16:37:28.171] 1415051,20.38,22.77,26.53,23.44,-0.51,9.26,4.98
[16:37:28.274] 1415154,20.83,23.25,26.30,23.44,0.31,8.08,1.69
[16:37:28.376] 1415256,20.83,23.25,26.30,23.24,-1.22,10.55,2.43
[16:37:28.478] 1415358,21.02,23.36,26.11,23.10,-0.82,11.49,-0.67
[16:37:28.581] 1415461,21.20,23.36,26.11,23.10,-1.06,8.63,1.14
[16:37:28.683] 1415563,21.20,23.52,25.89,22.87,-2.94,7.88,4.55
[16:37:28.785] 1415665,21.53,23.69,25.73,22.68,-2.90,8.00,7.37
[16:37:28.888] 1415768,21.53,23.69,25.73,22.68,-2.39,11.22,7.06
[16:37:28.990] 1415869,21.70,23.81,25.43,22.52,-3.65,12.47,3.10
[16:37:29.092] 1415972,21.84,23.81,25.43,22.52,-1.45,7.53,9.02
[16:37:29.195] 1416074,21.84,23.81,25.29,22.51,-0.78,6.39,2.94
[16:37:29.297] 1416176,21.94,23.82,25.13,22.46,-0.63,13.38,-2.55
[16:37:29.399] 1416278,21.94,23.82,25.13,22.46,-1.33,17.46,5.73
[16:37:29.501] 1416380,22.07,-11.18,24.92,22.48,-1.06,11.02,4.90
[16:37:29.602] 1416482,22.07,-11.18,24.92,22.48,-0.82,6.43,3.65
[16:37:29.704] 1416584,22.07,-11.18,24.92,22.48,-1.37,9.49,3.92
[16:37:29.806] 1416685,22.29,-11.18,24.55,22.41,-2.86,13.49,7.81
[16:37:29.908] 1416788,22.54,-11.18,24.55,22.41,-2.39,11.10,5.81
[16:37:30.009] 1416889,22.54,-11.18,24.39,22.34,-1.61,8.20,5.30
[16:37:30.112] 1416991,22.48,-11.18,24.09,22.38,-1.77,5.10,4.94
[16:37:30.215] 1417094,22.48,-11.18,24.09,22.38,-1.61,13.14,-0.90
[16:37:30.318] 1417197,22.72,23.81,23.89,22.37,0.04,16.95,5.14
[16:37:30.419] 1417299,22.66,23.81,23.89,22.37,0.43,8.59,7.92
[16:37:30.522] 1417401,22.66,23.81,23.84,22.50,-0.43,7.18,0.71
[16:37:30.624] 1417503,22.93,23.51,23.56,22.54,-2.51,10.71,5.65
[16:37:30.726] 1417606,22.93,23.51,23.56,22.54,-2.24,9.85,5.30
[16:37:30.828] 1417707,22.93,23.51,23.48,22.57,-2.75,12.04,5.65
[16:37:30.930] 1417810,23.01,23.26,23.27,22.57,-0.98,7.02,5.73
[16:37:31.033] 1417913,23.01,23.26,23.27,22.70,-1.06,7.69,2.51
[16:37:31.135] 1418014,23.16,23.10,23.25,22.79,-0.82,16.55,-1.10
[16:37:31.238] 1418117,23.18,22.95,23.25,22.79,-0.16,13.77,8.67
[16:37:31.339] 1418219,23.18,22.95,23.20,22.96,-0.08,9.14,3.84
[16:37:31.442] 1418321,23.33,22.74,22.98,23.06,-1.14,7.10,5.10
[16:37:31.545] 1418424,23.33,22.74,22.98,23.06,-2.43,10.75,6.35
[16:37:31.646] 1418526,8.83,22.75,22.93,23.14,-1.22,16.67,3.22
[16:37:31.748] 1418628,11.77,22.75,22.79,23.14,-2.55,5.96,3.96
[16:37:31.851] 1418731,11.77,22.75,22.79,23.24,-1.29,6.39,6.67
[16:37:31.954] 1418834,23.54,22.42,22.50,23.40,0.08,11.53,-0.75
[16:37:32.058] 1418937,23.64,22.42,22.50,23.40,-1.49,12.94,3.88
[16:37:32.160] 1419039,23.64,22.34,22.50,23.54,0.55,10.28,0.78
[16:37:32.262] 1419141,23.82,22.12,22.50,23.69,-0.04,9.89,3.77
[16:37:32.364] 1419244,23.82,22.12,22.50,23.69,-1.45,9.10,6.16
[16:37:32.467] 1419347,23.86,21.99,22.21,23.82,-2.63,11.85,5.02
[16:37:32.571] 1419450,24.06,21.83,22.15,23.82,-0.12,15.02,7.65
[16:37:32.673] 1419552,24.06,21.83,22.15,23.91,-0.31,6.12,4.59
[16:37:32.775] 1419654,24.10,21.67,22.09,24.06,-0.75,7.06,2.08
[16:37:32.878] 1419757,24.18,21.67,22.09,24.06,-1.29,13.61,1.84
[16:37:32.980] 1419860,24.18,21.44,21.92,24.25,0.16,15.85,8.63
[16:37:33.082] 1419962,24.18,21.44,21.92,24.25,-0.47,7.69,-1.18
[16:37:33.184] 1420064,24.18,21.44,21.92,24.25,0.04,9.92,4.39
[16:37:33.286] 1420165,24.60,-62.84,21.80,24.43,-2.55,10.67,4.55
[16:37:33.388] 1420267,24.69,-62.84,21.80,24.43,-2.04,11.96,-0.63
[16:37:33.490] 1420369,24.69,-62.84,21.67,24.55,-2.55,10.47,5.30
[16:37:33.592] 1420471,24.99,-62.84,21.57,24.81,0.55,7.26,3.69
[16:37:33.693] 1420573,24.99,-62.84,21.57,24.81,-0.35,8.83,1.80
[16:37:33.796] 1420675,24.99,-62.84,21.43,24.99,-0.78,12.91,0.43
[16:37:33.898] 1420777,24.99,-62.84,21.43,24.99,0.08,11.30,8.08
[16:37:33.999] 1420879,24.99,-62.84,21.43,24.99,0.20,9.53,5.22
[16:37:34.102] 1420981,25.25,20.60,21.33,25.31,-1.29,6.59,3.02
[16:37:34.205] 1421084,25.54,20.60,21.33,25.31,-2.39,11.61,4.86
[16:37:34.306] 1421186,25.54,20.48,21.18,25.31,-1.84,12.08,-1.26
[16:37:34.408] 1421288,25.54,20.37,21.07,25.51,-2.90,11.10,0.04
[16:37:34.511] 1421390,25.54,20.37,21.07,25.51,-1.26,5.53,6.12
[16:37:34.612] 1421492,25.60,20.29,21.18,25.71,-0.24,8.63,0.12
[16:37:34.716] 1421595,25.75,20.17,21.18,25.71,-1.10,15.53,3.26
[16:37:34.817] 1421697,25.75,20.17,21.21,25.85,-0.31,13.10,6.59
[16:37:34.919] 1421799,25.75,20.02,21.19,26.05,-1.96,9.77,5.18
[16:37:35.022] 1421901,25.75,20.02,21.19,26.05,-1.80,6.28,6.47
[16:37:35.123] 1422003,25.75,19.93,21.27,26.23,-2.39,9.22,4.12
[16:37:35.226] 1422105,25.72,19.79,21.38,26.23,-2.51,15.02,2.86
[16:37:35.329] 1422208,25.72,19.79,21.38,26.49,-2.63,8.00,6.00
[16:37:35.430] 1422309,25.75,19.60,-193.46,26.59,-0.78,4.90,4.16
[16:37:35.533] 1422412,25.65,19.60,-193.46,26.59,-0.16,12.47,-3.30
[16:37:35.635] 1422514,25.65,19.44,21.59,26.70,-0.16,15.10,2.20
[16:37:35.737] 1422617,25.69,19.27,21.83,26.81,-0.59,7.61,2.75
[16:37:35.839] 1422719,25.69,19.27,21.83,26.81,-0.94,7.96,0.31
[16:37:35.941] 1422821,25.72,19.03,21.93,27.01,-0.71,8.90,5.92
[16:37:36.042] 1422922,25.59,18.75,21.93,27.01,-3.02,9.53,11.38
[16:37:36.145] 1423024,25.59,18.75,22.13,27.25,-0.59,13.45,11.89
[16:37:36.247] 1423126,25.44,18.58,22.38,27.47,-0.43,8.36,6.59
[16:37:36.349] 1423228,25.44,18.58,22.38,27.47,-0.35,6.67,3.10
[16:37:36.451] 1423330,25.13,18.41,22.57,27.60,-0.04,12.08,0.90
[16:37:36.552] 1423432,25.13,18.41,22.57,27.60,-0.16,13.30,3.33
[16:37:36.655] 1423534,25.13,18.41,22.57,27.60,1.14,9.14,4.00
[16:37:36.756] 1423636,24.65,17.94,23.11,27.92,-0.35,8.43,3.73
[16:37:36.859] 1423739,24.48,17.74,23.11,27.92,-1.80,10.40,6.79
[16:37:36.961] 1423840,24.48,17.74,23.38,28.18,-1.69,9.30,4.47
[16:37:37.064] 1423943,24.22,17.53,23.63,28.33,-2.71,7.73,11.45
[16:37:37.166] 1424045,24.22,17.53,23.63,28.33,0.08,7.61,1.26
[16:37:37.267] 1424147,23.98,17.43,23.85,28.54,-0.43,8.24,-0.82
[16:37:37.371] 1424250,23.74,17.52,24.09,28.54,-1.18,14.47,2.35
[16:37:37.472] 1424352,23.74,17.52,24.09,28.68,1.49,9.77,8.59
[16:37:37.575] 1424454,23.44,16.91,24.43,28.91,-1.06,9.61,1.77
[16:37:37.677] 1424557,23.23,16.91,24.43,28.91,-1.45,6.59,4.90
[16:37:37.779] 1424659,23.23,16.91,24.71,29.08,-1.69,11.89,7.57
[16:37:37.882] 1424761,23.11,16.91,24.96,29.22,2.00,8.55,2.86
[16:37:37.984] 1424863,23.11,16.91,24.96,29.22,-0.86,13.42,8.71
[16:37:38.086] 1424965,22.80,16.15,25.18,29.37,1.26,8.75,4.04
[16:37:38.188] 1425067,22.49,16.15,25.18,29.37,1.61,10.75,4.55
[16:37:38.289] 1425169,22.49,16.15,25.33,29.48,2.47,11.14,5.65
[16:37:38.392] 1425271,22.34,218.33,25.52,29.58,1.10,9.85,3.06
[16:37:38.494] 1425373,22.34,218.33,25.52,29.58,-1.37,8.39,9.10
[16:37:38.596] 1425475,22.25,15.68,25.67,29.81,0.51,8.75,6.16
[16:37:38.698] 1425578,22.20,15.67,25.80,29.81,-0.16,11.81,4.35
[16:37:38.801] 1425681,22.20,15.67,25.80,29.85,-0.55,11.69,3.18
[16:37:38.902] 1425782,22.07,15.59,25.88,29.94,-1.06,8.47,6.51
[16:37:39.005] 1425885,22.09,15.59,25.88,29.94,0.63,10.28,3.96
[16:37:39.107] 1425987,22.09,15.67,25.89,29.98,0.39,11.26,4.59
[16:37:39.210] 1426089,22.09,15.67,25.94,29.97,-1.22,9.61,4.20
[16:37:39.312] 1426191,22.09,15.67,25.94,29.97,-0.86,8.12,6.08
[16:37:39.414] 1426293,22.04,15.46,25.95,29.97,0.27,10.47,6.51
[16:37:39.517] 1426396,21.99,15.50,25.97,29.97,-0.24,10.63,6.32
[16:37:39.618] 1426498,21.99,15.50,25.97,29.99,-0.04,11.85,2.31
[16:37:39.720] 1426599,21.99,15.50,25.96,30.01,-0.75,8.75,4.20
[16:37:39.823] 1426702,22.04,15.50,25.96,30.01,-1.02,9.49,6.39
[16:37:39.926] 1426805,22.04,15.49,25.96,30.00,-0.63,10.20,4.43
[16:37:40.027] 1426907,22.04,15.49,25.96,30.00,-0.51,10.16,4.71
[16:37:40.130] 1427009,22.04,15.49,25.96,30.00,-0.63,10.04,5.06
[16:37:40.232] 1427111,22.00,15.49,25.98,30.01,-0.63,10.04,4.94
[16:37:40.332] 1427212,21.98,15.49,25.98,30.01,-0.39,10.63,5.33
[16:37:40.434] 1427314,21.98,15.49,25.96,30.02,-0.39,10.51,5.10
[16:37:40.537] 1427416,22.03,15.49,25.94,30.03,-0.35,10.04,4.86
[16:37:40.639] 1427519,22.03,15.49,25.94,30.03,-0.90,10.00,5.10
[16:37:40.740] 1427620,22.03,15.51,25.96,30.02,-0.82,9.61,5.06
[16:37:40.843] 1427722,22.01,15.51,25.96,30.02,-0.67,10.16,5.37
[16:37:40.945] 1427824,22.01,15.51,25.94,29.98,-1.02,10.16,4.55
[16:37:41.047] 1427926,22.05,15.52,25.99,30.02,-0.67,10.71,4.55
[16:37:41.149] 1428028,22.05,15.52,25.99,30.02,-1.02,9.81,4.39
[16:37:41.251] 1428130,22.05,15.52,25.95,30.04,-0.78,10.12,4.90
[16:37:41.353] 1428232,22.07,15.45,25.95,30.04,-0.86,9.96,5.33
